<?xml version="1.0" encoding="UTF-8"?>
<testsuites>
  <testsuite name="" tests="2" assertions="2" errors="0" warnings="0" failures="0" skipped="0" time="0.001602">
    <testsuite name="Twilio Unit Test Suite" tests="1" assertions="1" errors="0" warnings="0" failures="0" skipped="0" time="0.001343">
      <testsuite name="Twilio\Tests\Unit\Rest\PhpUnitTest" file="/twilio/tests/Twilio/Unit/Rest/PhpUnitTest.php" tests="1" assertions="1" errors="0" warnings="0" failures="0" skipped="0" time="0.001343">
        <testcase name="testDummyTest" class="Twilio\Tests\Unit\Rest\PhpUnitTest" classname="Twilio.Tests.Unit.Rest.PhpUnitTest" file="/twilio/tests/Twilio/Unit/Rest/PhpUnitTest.php" line="17" assertions="1" time="0.001343"/>
      </testsuite>
    </testsuite>
    <testsuite name="Twilio Integration Test Suite" tests="1" assertions="1" errors="0" warnings="0" failures="0" skipped="0" time="0.000259">
      <testsuite name="Twilio\Tests\Integration\IntegrationTest\IntegrationTest" file="/twilio/tests/Twilio/Integration/IntegrationTest/IntegrationTest.php" tests="1" assertions="1" errors="0" warnings="0" failures="0" skipped="0" time="0.000259">
        <testcase name="testDummyTest" class="Twilio\Tests\Integration\IntegrationTest\IntegrationTest" classname="Twilio.Tests.Integration.IntegrationTest.IntegrationTest" file="/twilio/tests/Twilio/Integration/IntegrationTest/IntegrationTest.php" line="19" assertions="1" time="0.000259"/>
      </testsuite>
    </testsuite>
  </testsuite>
</testsuites>
