<?xml version="1.0" encoding="UTF-8"?>
<coverage generated="1666336089">
  <project timestamp="1666336089">
    <file name="/twilio/src/Twilio/Deserialize.php">
      <class name="Twilio\Deserialize" namespace="global">
        <metrics complexity="3" methods="1" coveredmethods="1" conditionals="0" coveredconditionals="0" statements="4" coveredstatements="4" elements="5" coveredelements="5"/>
      </class>
      <line num="14" type="method" name="dateTime" visibility="public" complexity="3" crap="3" count="5"/>
      <line num="16" type="stmt" count="5"/>
      <line num="17" type="stmt" count="5"/>
      <line num="19" type="stmt" count="1"/>
      <line num="23" type="stmt" count="3"/>
      <metrics loc="26" ncloc="18" classes="1" methods="1" coveredmethods="1" conditionals="0" coveredconditionals="0" statements="4" coveredstatements="4" elements="5" coveredelements="5"/>
    </file>
    <file name="/twilio/src/Twilio/Domain.php">
      <class name="Twilio\Domain" namespace="global">
        <metrics complexity="5" methods="5" coveredmethods="1" conditionals="0" coveredconditionals="0" statements="7" coveredstatements="2" elements="12" coveredelements="3"/>
      </class>
      <line num="30" type="method" name="__construct" visibility="public" complexity="1" crap="1" count="104"/>
      <line num="31" type="stmt" count="104"/>
      <line num="32" type="stmt" count="104"/>
      <line num="41" type="method" name="absoluteUrl" visibility="public" complexity="1" crap="2" count="0"/>
      <line num="42" type="stmt" count="0"/>
      <line num="58" type="method" name="request" visibility="public" complexity="1" crap="2" count="0"/>
      <line num="62" type="stmt" count="0"/>
      <line num="63" type="stmt" count="0"/>
      <line num="75" type="method" name="getClient" visibility="public" complexity="1" crap="2" count="0"/>
      <line num="76" type="stmt" count="0"/>
      <line num="79" type="method" name="__toString" visibility="public" complexity="1" crap="2" count="0"/>
      <line num="80" type="stmt" count="0"/>
      <metrics loc="83" ncloc="49" classes="1" methods="5" coveredmethods="1" conditionals="0" coveredconditionals="0" statements="7" coveredstatements="2" elements="12" coveredelements="3"/>
    </file>
    <file name="/twilio/src/Twilio/Exceptions/ConfigurationException.php">
      <class name="Twilio\Exceptions\ConfigurationException" namespace="global">
        <metrics complexity="0" methods="0" coveredmethods="0" conditionals="0" coveredconditionals="0" statements="0" coveredstatements="0" elements="0" coveredelements="0"/>
      </class>
      <metrics loc="9" ncloc="9" classes="0" methods="0" coveredmethods="0" conditionals="0" coveredconditionals="0" statements="0" coveredstatements="0" elements="0" coveredelements="0"/>
    </file>
    <file name="/twilio/src/Twilio/Exceptions/DeserializeException.php">
      <class name="Twilio\Exceptions\DeserializeException" namespace="global">
        <metrics complexity="0" methods="0" coveredmethods="0" conditionals="0" coveredconditionals="0" statements="0" coveredstatements="0" elements="0" coveredelements="0"/>
      </class>
      <metrics loc="9" ncloc="9" classes="0" methods="0" coveredmethods="0" conditionals="0" coveredconditionals="0" statements="0" coveredstatements="0" elements="0" coveredelements="0"/>
    </file>
    <file name="/twilio/src/Twilio/Exceptions/EnvironmentException.php">
      <class name="Twilio\Exceptions\EnvironmentException" namespace="global">
        <metrics complexity="0" methods="0" coveredmethods="0" conditionals="0" coveredconditionals="0" statements="0" coveredstatements="0" elements="0" coveredelements="0"/>
      </class>
      <metrics loc="9" ncloc="9" classes="0" methods="0" coveredmethods="0" conditionals="0" coveredconditionals="0" statements="0" coveredstatements="0" elements="0" coveredelements="0"/>
    </file>
    <file name="/twilio/src/Twilio/Exceptions/HttpException.php">
      <class name="Twilio\Exceptions\HttpException" namespace="global">
        <metrics complexity="0" methods="0" coveredmethods="0" conditionals="0" coveredconditionals="0" statements="0" coveredstatements="0" elements="0" coveredelements="0"/>
      </class>
      <metrics loc="9" ncloc="9" classes="0" methods="0" coveredmethods="0" conditionals="0" coveredconditionals="0" statements="0" coveredstatements="0" elements="0" coveredelements="0"/>
    </file>
    <file name="/twilio/src/Twilio/Exceptions/RestException.php">
      <class name="Twilio\Exceptions\RestException" namespace="global">
        <metrics complexity="4" methods="4" coveredmethods="0" conditionals="0" coveredconditionals="0" statements="8" coveredstatements="0" elements="12" coveredelements="0"/>
      </class>
      <line num="22" type="method" name="__construct" visibility="public" complexity="1" crap="2" count="0"/>
      <line num="23" type="stmt" count="0"/>
      <line num="24" type="stmt" count="0"/>
      <line num="25" type="stmt" count="0"/>
      <line num="26" type="stmt" count="0"/>
      <line num="33" type="method" name="getStatusCode" visibility="public" complexity="1" crap="2" count="0"/>
      <line num="34" type="stmt" count="0"/>
      <line num="41" type="method" name="getMoreInfo" visibility="public" complexity="1" crap="2" count="0"/>
      <line num="42" type="stmt" count="0"/>
      <line num="49" type="method" name="getDetails" visibility="public" complexity="1" crap="2" count="0"/>
      <line num="50" type="stmt" count="0"/>
      <metrics loc="53" ncloc="31" classes="1" methods="4" coveredmethods="0" conditionals="0" coveredconditionals="0" statements="8" coveredstatements="0" elements="12" coveredelements="0"/>
    </file>
    <file name="/twilio/src/Twilio/Exceptions/TwilioException.php">
      <class name="Twilio\Exceptions\TwilioException" namespace="global">
        <metrics complexity="0" methods="0" coveredmethods="0" conditionals="0" coveredconditionals="0" statements="0" coveredstatements="0" elements="0" coveredelements="0"/>
      </class>
      <metrics loc="9" ncloc="9" classes="0" methods="0" coveredmethods="0" conditionals="0" coveredconditionals="0" statements="0" coveredstatements="0" elements="0" coveredelements="0"/>
    </file>
    <file name="/twilio/src/Twilio/Exceptions/TwimlException.php">
      <class name="Twilio\Exceptions\TwimlException" namespace="global">
        <metrics complexity="0" methods="0" coveredmethods="0" conditionals="0" coveredconditionals="0" statements="0" coveredstatements="0" elements="0" coveredelements="0"/>
      </class>
      <metrics loc="9" ncloc="9" classes="0" methods="0" coveredmethods="0" conditionals="0" coveredconditionals="0" statements="0" coveredstatements="0" elements="0" coveredelements="0"/>
    </file>
    <file name="/twilio/src/Twilio/Http/Client.php">
      <metrics loc="13" ncloc="13" classes="0" methods="0" coveredmethods="0" conditionals="0" coveredconditionals="0" statements="0" coveredstatements="0" elements="0" coveredelements="0"/>
    </file>
    <file name="/twilio/src/Twilio/Http/CurlClient.php">
      <class name="Twilio\Http\CurlClient" namespace="global">
        <metrics complexity="45" methods="6" coveredmethods="3" conditionals="0" coveredconditionals="0" statements="112" coveredstatements="77" elements="118" coveredelements="80"/>
      </class>
      <line num="17" type="method" name="__construct" visibility="public" complexity="1" crap="1" count="37"/>
      <line num="18" type="stmt" count="37"/>
      <line num="21" type="method" name="request" visibility="public" complexity="15" crap="240" count="0"/>
      <line num="25" type="stmt" count="0"/>
      <line num="28" type="stmt" count="0"/>
      <line num="29" type="stmt" count="0"/>
      <line num="32" type="stmt" count="0"/>
      <line num="33" type="stmt" count="0"/>
      <line num="36" type="stmt" count="0"/>
      <line num="37" type="stmt" count="0"/>
      <line num="40" type="stmt" count="0"/>
      <line num="41" type="stmt" count="0"/>
      <line num="44" type="stmt" count="0"/>
      <line num="47" type="stmt" count="0"/>
      <line num="48" type="stmt" count="0"/>
      <line num="49" type="stmt" count="0"/>
      <line num="51" type="stmt" count="0"/>
      <line num="52" type="stmt" count="0"/>
      <line num="54" type="stmt" count="0"/>
      <line num="56" type="stmt" count="0"/>
      <line num="57" type="stmt" count="0"/>
      <line num="58" type="stmt" count="0"/>
      <line num="59" type="stmt" count="0"/>
      <line num="60" type="stmt" count="0"/>
      <line num="61" type="stmt" count="0"/>
      <line num="64" type="stmt" count="0"/>
      <line num="66" type="stmt" count="0"/>
      <line num="67" type="stmt" count="0"/>
      <line num="70" type="stmt" count="0"/>
      <line num="72" type="stmt" count="0"/>
      <line num="73" type="stmt" count="0"/>
      <line num="74" type="stmt" count="0"/>
      <line num="75" type="stmt" count="0"/>
      <line num="78" type="stmt" count="0"/>
      <line num="79" type="stmt" count="0"/>
      <line num="82" type="stmt" count="0"/>
      <line num="86" type="method" name="options" visibility="public" complexity="13" crap="13" count="28"/>
      <line num="90" type="stmt" count="28"/>
      <line num="91" type="stmt" count="28"/>
      <line num="96" type="stmt" count="28"/>
      <line num="100" type="stmt" count="28"/>
      <line num="101" type="stmt" count="5"/>
      <line num="104" type="stmt" count="28"/>
      <line num="105" type="stmt" count="6"/>
      <line num="108" type="stmt" count="28"/>
      <line num="109" type="stmt" count="28"/>
      <line num="110" type="stmt" count="15"/>
      <line num="113" type="stmt" count="28"/>
      <line num="114" type="stmt" count="28"/>
      <line num="115" type="stmt" count="8"/>
      <line num="116" type="stmt" count="8"/>
      <line num="117" type="stmt" count="20"/>
      <line num="118" type="stmt" count="9"/>
      <line num="119" type="stmt" count="9"/>
      <line num="120" type="stmt" count="3"/>
      <line num="121" type="stmt" count="3"/>
      <line num="122" type="stmt" count="3"/>
      <line num="124" type="stmt" count="6"/>
      <line num="125" type="stmt" count="6"/>
      <line num="128" type="stmt" count="9"/>
      <line num="129" type="stmt" count="11"/>
      <line num="131" type="stmt" count="3"/>
      <line num="132" type="stmt" count="3"/>
      <line num="133" type="stmt" count="1"/>
      <line num="134" type="stmt" count="1"/>
      <line num="135" type="stmt" count="1"/>
      <line num="136" type="stmt" count="1"/>
      <line num="137" type="stmt" count="1"/>
      <line num="138" type="stmt" count="1"/>
      <line num="140" type="stmt" count="0"/>
      <line num="143" type="stmt" count="3"/>
      <line num="144" type="stmt" count="8"/>
      <line num="145" type="stmt" count="2"/>
      <line num="146" type="stmt" count="2"/>
      <line num="148" type="stmt" count="6"/>
      <line num="151" type="stmt" count="28"/>
      <line num="154" type="method" name="buildQuery" visibility="public" complexity="5" crap="5" count="37"/>
      <line num="155" type="stmt" count="37"/>
      <line num="156" type="stmt" count="37"/>
      <line num="158" type="stmt" count="37"/>
      <line num="159" type="stmt" count="23"/>
      <line num="160" type="stmt" count="9"/>
      <line num="161" type="stmt" count="9"/>
      <line num="164" type="stmt" count="22"/>
      <line num="168" type="stmt" count="37"/>
      <line num="171" type="method" name="hasFile" visibility="private" complexity="3" crap="3" count="9"/>
      <line num="172" type="stmt" count="9"/>
      <line num="173" type="stmt" count="6"/>
      <line num="174" type="stmt" count="3"/>
      <line num="178" type="stmt" count="6"/>
      <line num="181" type="method" name="buildMultipartOptions" visibility="private" complexity="8" crap="8" count="3"/>
      <line num="182" type="stmt" count="3"/>
      <line num="183" type="stmt" count="3"/>
      <line num="184" type="stmt" count="3"/>
      <line num="186" type="stmt" count="3"/>
      <line num="187" type="stmt" count="3"/>
      <line num="188" type="stmt" count="3"/>
      <line num="189" type="stmt" count="3"/>
      <line num="190" type="stmt" count="1"/>
      <line num="191" type="stmt" count="1"/>
      <line num="192" type="stmt" count="2"/>
      <line num="193" type="stmt" count="1"/>
      <line num="194" type="stmt" count="1"/>
      <line num="195" type="stmt" count="1"/>
      <line num="198" type="stmt" count="1"/>
      <line num="199" type="stmt" count="1"/>
      <line num="200" type="stmt" count="1"/>
      <line num="201" type="stmt" count="1"/>
      <line num="203" type="stmt" count="0"/>
      <line num="206" type="stmt" count="3"/>
      <line num="207" type="stmt" count="3"/>
      <line num="208" type="stmt" count="3"/>
      <line num="209" type="stmt" count="1"/>
      <line num="212" type="stmt" count="3"/>
      <line num="220" type="stmt" count="3"/>
      <line num="228" type="stmt" count="3"/>
      <line num="232" type="stmt" count="3"/>
      <line num="233" type="stmt" count="3"/>
      <metrics loc="239" ncloc="238" classes="1" methods="6" coveredmethods="3" conditionals="0" coveredconditionals="0" statements="112" coveredstatements="77" elements="118" coveredelements="80"/>
    </file>
    <file name="/twilio/src/Twilio/Http/File.php">
      <class name="Twilio\Http\File" namespace="global">
        <metrics complexity="4" methods="4" coveredmethods="4" conditionals="0" coveredconditionals="0" statements="6" coveredstatements="6" elements="10" coveredelements="10"/>
      </class>
      <line num="27" type="method" name="__construct" visibility="public" complexity="1" crap="1" count="1"/>
      <line num="28" type="stmt" count="1"/>
      <line num="29" type="stmt" count="1"/>
      <line num="30" type="stmt" count="1"/>
      <line num="36" type="method" name="getContents" visibility="public" complexity="1" crap="1" count="4"/>
      <line num="37" type="stmt" count="4"/>
      <line num="40" type="method" name="getFileName" visibility="public" complexity="1" crap="1" count="4"/>
      <line num="41" type="stmt" count="4"/>
      <line num="44" type="method" name="getContentType" visibility="public" complexity="1" crap="1" count="4"/>
      <line num="45" type="stmt" count="4"/>
      <metrics loc="48" ncloc="31" classes="1" methods="4" coveredmethods="4" conditionals="0" coveredconditionals="0" statements="6" coveredstatements="6" elements="10" coveredelements="10"/>
    </file>
    <file name="/twilio/src/Twilio/Http/GuzzleClient.php">
      <class name="Twilio\Http\GuzzleClient" namespace="global">
        <metrics complexity="15" methods="4" coveredmethods="4" conditionals="0" coveredconditionals="0" statements="30" coveredstatements="30" elements="34" coveredelements="34"/>
      </class>
      <line num="19" type="method" name="__construct" visibility="public" complexity="1" crap="1" count="6"/>
      <line num="20" type="stmt" count="6"/>
      <line num="23" type="method" name="request" visibility="public" complexity="6" crap="6" count="6"/>
      <line num="30" type="stmt" count="6"/>
      <line num="34" type="stmt" count="6"/>
      <line num="35" type="stmt" count="3"/>
      <line num="38" type="stmt" count="6"/>
      <line num="39" type="stmt" count="5"/>
      <line num="40" type="stmt" count="1"/>
      <line num="42" type="stmt" count="4"/>
      <line num="43" type="stmt" count="4"/>
      <line num="47" type="stmt" count="6"/>
      <line num="48" type="stmt" count="2"/>
      <line num="49" type="stmt" count="1"/>
      <line num="50" type="stmt" count="1"/>
      <line num="51" type="stmt" count="1"/>
      <line num="56" type="stmt" count="5"/>
      <line num="59" type="method" name="hasFile" visibility="private" complexity="3" crap="3" count="5"/>
      <line num="60" type="stmt" count="5"/>
      <line num="61" type="stmt" count="5"/>
      <line num="62" type="stmt" count="1"/>
      <line num="66" type="stmt" count="4"/>
      <line num="69" type="method" name="buildMultipartParam" visibility="private" complexity="5" crap="5" count="1"/>
      <line num="70" type="stmt" count="1"/>
      <line num="71" type="stmt" count="1"/>
      <line num="72" type="stmt" count="1"/>
      <line num="73" type="stmt" count="1"/>
      <line num="74" type="stmt" count="1"/>
      <line num="75" type="stmt" count="1"/>
      <line num="81" type="stmt" count="1"/>
      <line num="84" type="stmt" count="1"/>
      <line num="85" type="stmt" count="1"/>
      <line num="94" type="stmt" count="1"/>
      <line num="97" type="stmt" count="1"/>
      <metrics loc="100" ncloc="95" classes="1" methods="4" coveredmethods="4" conditionals="0" coveredconditionals="0" statements="30" coveredstatements="30" elements="34" coveredelements="34"/>
    </file>
    <file name="/twilio/src/Twilio/Http/Response.php">
      <class name="Twilio\Http\Response" namespace="global">
        <metrics complexity="6" methods="6" coveredmethods="4" conditionals="0" coveredconditionals="0" statements="8" coveredstatements="6" elements="14" coveredelements="10"/>
      </class>
      <line num="12" type="method" name="__construct" visibility="public" complexity="1" crap="1" count="5"/>
      <line num="13" type="stmt" count="5"/>
      <line num="14" type="stmt" count="5"/>
      <line num="15" type="stmt" count="5"/>
      <line num="21" type="method" name="getContent" visibility="public" complexity="1" crap="1" count="4"/>
      <line num="22" type="stmt" count="4"/>
      <line num="25" type="method" name="getStatusCode" visibility="public" complexity="1" crap="1" count="4"/>
      <line num="26" type="stmt" count="4"/>
      <line num="29" type="method" name="getHeaders" visibility="public" complexity="1" crap="1" count="4"/>
      <line num="30" type="stmt" count="4"/>
      <line num="33" type="method" name="ok" visibility="public" complexity="1" crap="2" count="0"/>
      <line num="34" type="stmt" count="0"/>
      <line num="37" type="method" name="__toString" visibility="public" complexity="1" crap="2" count="0"/>
      <line num="38" type="stmt" count="0"/>
      <metrics loc="41" ncloc="38" classes="1" methods="6" coveredmethods="4" conditionals="0" coveredconditionals="0" statements="8" coveredstatements="6" elements="14" coveredelements="10"/>
    </file>
    <file name="/twilio/src/Twilio/InstanceContext.php">
      <class name="Twilio\InstanceContext" namespace="global">
        <metrics complexity="2" methods="2" coveredmethods="0" conditionals="0" coveredconditionals="0" statements="2" coveredstatements="0" elements="4" coveredelements="0"/>
      </class>
      <line num="12" type="method" name="__construct" visibility="public" complexity="1" crap="2" count="0"/>
      <line num="13" type="stmt" count="0"/>
      <line num="16" type="method" name="__toString" visibility="public" complexity="1" crap="2" count="0"/>
      <line num="17" type="stmt" count="0"/>
      <metrics loc="20" ncloc="20" classes="1" methods="2" coveredmethods="0" conditionals="0" coveredconditionals="0" statements="2" coveredstatements="0" elements="4" coveredelements="0"/>
    </file>
    <file name="/twilio/src/Twilio/InstanceResource.php">
      <class name="Twilio\InstanceResource" namespace="global">
        <metrics complexity="4" methods="4" coveredmethods="2" conditionals="0" coveredconditionals="0" statements="4" coveredstatements="2" elements="8" coveredelements="4"/>
      </class>
      <line num="13" type="method" name="__construct" visibility="public" complexity="1" crap="1" count="1"/>
      <line num="14" type="stmt" count="1"/>
      <line num="17" type="method" name="toArray" visibility="public" complexity="1" crap="2" count="0"/>
      <line num="18" type="stmt" count="0"/>
      <line num="21" type="method" name="__toString" visibility="public" complexity="1" crap="2" count="0"/>
      <line num="22" type="stmt" count="0"/>
      <line num="25" type="method" name="__isset" visibility="public" complexity="1" crap="1" count="1"/>
      <line num="26" type="stmt" count="1"/>
      <metrics loc="29" ncloc="29" classes="1" methods="4" coveredmethods="2" conditionals="0" coveredconditionals="0" statements="4" coveredstatements="2" elements="8" coveredelements="4"/>
    </file>
    <file name="/twilio/src/Twilio/Jwt/AccessToken.php">
      <class name="Twilio\Jwt\AccessToken" namespace="global">
        <metrics complexity="18" methods="11" coveredmethods="6" conditionals="0" coveredconditionals="0" statements="43" coveredstatements="38" elements="54" coveredelements="44"/>
      </class>
      <line num="21" type="method" name="__construct" visibility="public" complexity="2" crap="2.01" count="12"/>
      <line num="22" type="stmt" count="12"/>
      <line num="23" type="stmt" count="12"/>
      <line num="24" type="stmt" count="12"/>
      <line num="25" type="stmt" count="12"/>
      <line num="26" type="stmt" count="12"/>
      <line num="28" type="stmt" count="12"/>
      <line num="29" type="stmt" count="0"/>
      <line num="32" type="stmt" count="12"/>
      <line num="33" type="stmt" count="12"/>
      <line num="43" type="method" name="setIdentity" visibility="public" complexity="1" crap="1" count="2"/>
      <line num="44" type="stmt" count="2"/>
      <line num="45" type="stmt" count="2"/>
      <line num="53" type="method" name="getIdentity" visibility="public" complexity="1" crap="2" count="0"/>
      <line num="54" type="stmt" count="0"/>
      <line num="64" type="method" name="setNbf" visibility="public" complexity="1" crap="1" count="1"/>
      <line num="65" type="stmt" count="1"/>
      <line num="66" type="stmt" count="1"/>
      <line num="74" type="method" name="getNbf" visibility="public" complexity="1" crap="2" count="0"/>
      <line num="75" type="stmt" count="0"/>
      <line num="85" type="method" name="setRegion" visibility="public" complexity="1" crap="1" count="1"/>
      <line num="86" type="stmt" count="1"/>
      <line num="87" type="stmt" count="1"/>
      <line num="95" type="method" name="getRegion" visibility="public" complexity="1" crap="2" count="0"/>
      <line num="96" type="stmt" count="0"/>
      <line num="106" type="method" name="addGrant" visibility="public" complexity="1" crap="1" count="7"/>
      <line num="107" type="stmt" count="7"/>
      <line num="108" type="stmt" count="7"/>
      <line num="117" type="method" name="addClaim" visibility="public" complexity="1" crap="1" count="1"/>
      <line num="118" type="stmt" count="1"/>
      <line num="121" type="method" name="toJWT" visibility="public" complexity="7" crap="7" count="12"/>
      <line num="127" type="stmt" count="12"/>
      <line num="128" type="stmt" count="1"/>
      <line num="131" type="stmt" count="12"/>
      <line num="133" type="stmt" count="12"/>
      <line num="134" type="stmt" count="12"/>
      <line num="135" type="stmt" count="2"/>
      <line num="138" type="stmt" count="12"/>
      <line num="139" type="stmt" count="7"/>
      <line num="140" type="stmt" count="7"/>
      <line num="141" type="stmt" count="1"/>
      <line num="144" type="stmt" count="7"/>
      <line num="147" type="stmt" count="12"/>
      <line num="148" type="stmt" count="5"/>
      <line num="151" type="stmt" count="12"/>
      <line num="152" type="stmt" count="12"/>
      <line num="153" type="stmt" count="12"/>
      <line num="154" type="stmt" count="12"/>
      <line num="155" type="stmt" count="12"/>
      <line num="159" type="stmt" count="12"/>
      <line num="160" type="stmt" count="1"/>
      <line num="163" type="stmt" count="12"/>
      <line num="166" type="method" name="__toString" visibility="public" complexity="1" crap="2" count="0"/>
      <line num="167" type="stmt" count="0"/>
      <metrics loc="170" ncloc="119" classes="1" methods="11" coveredmethods="6" conditionals="0" coveredconditionals="0" statements="43" coveredstatements="38" elements="54" coveredelements="44"/>
    </file>
    <file name="/twilio/src/Twilio/Jwt/Client/ScopeURI.php">
      <class name="Twilio\Jwt\Client\ScopeURI" namespace="global">
        <metrics complexity="7" methods="3" coveredmethods="2" conditionals="0" coveredconditionals="0" statements="18" coveredstatements="7" elements="21" coveredelements="9"/>
      </class>
      <line num="23" type="method" name="__construct" visibility="public" complexity="1" crap="1" count="6"/>
      <line num="24" type="stmt" count="6"/>
      <line num="25" type="stmt" count="6"/>
      <line num="26" type="stmt" count="6"/>
      <line num="29" type="method" name="toString" visibility="public" complexity="2" crap="2" count="6"/>
      <line num="30" type="stmt" count="6"/>
      <line num="31" type="stmt" count="6"/>
      <line num="32" type="stmt" count="6"/>
      <line num="34" type="stmt" count="6"/>
      <line num="44" type="method" name="parse" visibility="public" complexity="4" crap="20" count="0"/>
      <line num="45" type="stmt" count="0"/>
      <line num="46" type="stmt" count="0"/>
      <line num="50" type="stmt" count="0"/>
      <line num="51" type="stmt" count="0"/>
      <line num="53" type="stmt" count="0"/>
      <line num="54" type="stmt" count="0"/>
      <line num="57" type="stmt" count="0"/>
      <line num="59" type="stmt" count="0"/>
      <line num="60" type="stmt" count="0"/>
      <line num="64" type="stmt" count="0"/>
      <line num="65" type="stmt" count="0"/>
      <metrics loc="68" ncloc="50" classes="1" methods="3" coveredmethods="2" conditionals="0" coveredconditionals="0" statements="18" coveredstatements="7" elements="21" coveredelements="9"/>
    </file>
    <file name="/twilio/src/Twilio/Jwt/ClientToken.php">
      <class name="Twilio\Jwt\ClientToken" namespace="global">
        <metrics complexity="12" methods="7" coveredmethods="6" conditionals="0" coveredconditionals="0" statements="28" coveredstatements="27" elements="35" coveredelements="33"/>
      </class>
      <line num="30" type="method" name="__construct" visibility="public" complexity="1" crap="1" count="10"/>
      <line num="31" type="stmt" count="10"/>
      <line num="32" type="stmt" count="10"/>
      <line num="33" type="stmt" count="10"/>
      <line num="34" type="stmt" count="10"/>
      <line num="35" type="stmt" count="10"/>
      <line num="46" type="method" name="allowClientIncoming" visibility="public" complexity="3" crap="3.04" count="3"/>
      <line num="48" type="stmt" count="3"/>
      <line num="49" type="stmt" count="1"/>
      <line num="53" type="stmt" count="2"/>
      <line num="54" type="stmt" count="0"/>
      <line num="58" type="stmt" count="2"/>
      <line num="59" type="stmt" count="2"/>
      <line num="69" type="method" name="allowClientOutgoing" visibility="public" complexity="1" crap="1" count="3"/>
      <line num="70" type="stmt" count="3"/>
      <line num="72" type="stmt" count="3"/>
      <line num="81" type="method" name="allowEventStream" visibility="public" complexity="1" crap="1" count="3"/>
      <line num="82" type="stmt" count="3"/>
      <line num="84" type="stmt" count="3"/>
      <line num="94" type="method" name="addClaim" visibility="public" complexity="1" crap="1" count="1"/>
      <line num="95" type="stmt" count="1"/>
      <line num="106" type="method" name="generateToken" visibility="public" complexity="4" crap="4" count="9"/>
      <line num="107" type="stmt" count="9"/>
      <line num="108" type="stmt" count="9"/>
      <line num="109" type="stmt" count="9"/>
      <line num="110" type="stmt" count="9"/>
      <line num="112" type="stmt" count="9"/>
      <line num="114" type="stmt" count="9"/>
      <line num="115" type="stmt" count="6"/>
      <line num="116" type="stmt" count="1"/>
      <line num="118" type="stmt" count="6"/>
      <line num="121" type="stmt" count="9"/>
      <line num="122" type="stmt" count="9"/>
      <line num="125" type="method" name="allow" visibility="protected" complexity="1" crap="1" count="6"/>
      <line num="126" type="stmt" count="6"/>
      <metrics loc="129" ncloc="79" classes="1" methods="7" coveredmethods="6" conditionals="0" coveredconditionals="0" statements="28" coveredstatements="27" elements="35" coveredelements="33"/>
    </file>
    <file name="/twilio/src/Twilio/Jwt/Grants/ChatGrant.php">
      <class name="Twilio\Jwt\Grants\ChatGrant" namespace="global">
        <metrics complexity="14" methods="10" coveredmethods="3" conditionals="0" coveredconditionals="0" statements="23" coveredstatements="13" elements="33" coveredelements="16"/>
      </class>
      <line num="18" type="method" name="getServiceSid" visibility="public" complexity="1" crap="2" count="0"/>
      <line num="19" type="stmt" count="0"/>
      <line num="29" type="method" name="setServiceSid" visibility="public" complexity="1" crap="1" count="1"/>
      <line num="30" type="stmt" count="1"/>
      <line num="31" type="stmt" count="1"/>
      <line num="39" type="method" name="getEndpointId" visibility="public" complexity="1" crap="2" count="0"/>
      <line num="40" type="stmt" count="0"/>
      <line num="50" type="method" name="setEndpointId" visibility="public" complexity="1" crap="1" count="1"/>
      <line num="51" type="stmt" count="1"/>
      <line num="52" type="stmt" count="1"/>
      <line num="60" type="method" name="getDeploymentRoleSid" visibility="public" complexity="1" crap="2" count="0"/>
      <line num="61" type="stmt" count="0"/>
      <line num="71" type="method" name="setDeploymentRoleSid" visibility="public" complexity="1" crap="2" count="0"/>
      <line num="72" type="stmt" count="0"/>
      <line num="73" type="stmt" count="0"/>
      <line num="81" type="method" name="getPushCredentialSid" visibility="public" complexity="1" crap="2" count="0"/>
      <line num="82" type="stmt" count="0"/>
      <line num="92" type="method" name="setPushCredentialSid" visibility="public" complexity="1" crap="2" count="0"/>
      <line num="93" type="stmt" count="0"/>
      <line num="94" type="stmt" count="0"/>
      <line num="102" type="method" name="getGrantKey" visibility="public" complexity="1" crap="1" count="1"/>
      <line num="103" type="stmt" count="1"/>
      <line num="111" type="method" name="getPayload" visibility="public" complexity="5" crap="5.20" count="1"/>
      <line num="112" type="stmt" count="1"/>
      <line num="113" type="stmt" count="1"/>
      <line num="114" type="stmt" count="1"/>
      <line num="116" type="stmt" count="1"/>
      <line num="117" type="stmt" count="1"/>
      <line num="119" type="stmt" count="1"/>
      <line num="120" type="stmt" count="0"/>
      <line num="122" type="stmt" count="1"/>
      <line num="123" type="stmt" count="0"/>
      <line num="126" type="stmt" count="1"/>
      <metrics loc="129" ncloc="71" classes="1" methods="10" coveredmethods="3" conditionals="0" coveredconditionals="0" statements="23" coveredstatements="13" elements="33" coveredelements="16"/>
    </file>
    <file name="/twilio/src/Twilio/Jwt/Grants/Grant.php">
      <metrics loc="22" ncloc="12" classes="0" methods="0" coveredmethods="0" conditionals="0" coveredconditionals="0" statements="0" coveredstatements="0" elements="0" coveredelements="0"/>
    </file>
    <file name="/twilio/src/Twilio/Jwt/Grants/PlaybackGrant.php">
      <class name="Twilio\Jwt\Grants\PlaybackGrant" namespace="global">
        <metrics complexity="5" methods="4" coveredmethods="3" conditionals="0" coveredconditionals="0" statements="8" coveredstatements="7" elements="12" coveredelements="10"/>
      </class>
      <line num="16" type="method" name="getGrant" visibility="public" complexity="1" crap="2" count="0"/>
      <line num="17" type="stmt" count="0"/>
      <line num="26" type="method" name="setGrant" visibility="public" complexity="1" crap="1" count="1"/>
      <line num="27" type="stmt" count="1"/>
      <line num="28" type="stmt" count="1"/>
      <line num="36" type="method" name="getGrantKey" visibility="public" complexity="1" crap="1" count="1"/>
      <line num="37" type="stmt" count="1"/>
      <line num="45" type="method" name="getPayload" visibility="public" complexity="2" crap="2" count="1"/>
      <line num="46" type="stmt" count="1"/>
      <line num="47" type="stmt" count="1"/>
      <line num="48" type="stmt" count="1"/>
      <line num="50" type="stmt" count="1"/>
      <metrics loc="53" ncloc="32" classes="1" methods="4" coveredmethods="3" conditionals="0" coveredconditionals="0" statements="8" coveredstatements="7" elements="12" coveredelements="10"/>
    </file>
    <file name="/twilio/src/Twilio/Jwt/Grants/SyncGrant.php">
      <class name="Twilio\Jwt\Grants\SyncGrant" namespace="global">
        <metrics complexity="14" methods="10" coveredmethods="3" conditionals="0" coveredconditionals="0" statements="23" coveredstatements="13" elements="33" coveredelements="16"/>
      </class>
      <line num="16" type="method" name="getServiceSid" visibility="public" complexity="1" crap="2" count="0"/>
      <line num="17" type="stmt" count="0"/>
      <line num="27" type="method" name="setServiceSid" visibility="public" complexity="1" crap="1" count="1"/>
      <line num="28" type="stmt" count="1"/>
      <line num="29" type="stmt" count="1"/>
      <line num="37" type="method" name="getEndpointId" visibility="public" complexity="1" crap="2" count="0"/>
      <line num="38" type="stmt" count="0"/>
      <line num="48" type="method" name="setEndpointId" visibility="public" complexity="1" crap="1" count="1"/>
      <line num="49" type="stmt" count="1"/>
      <line num="50" type="stmt" count="1"/>
      <line num="58" type="method" name="getDeploymentRoleSid" visibility="public" complexity="1" crap="2" count="0"/>
      <line num="59" type="stmt" count="0"/>
      <line num="69" type="method" name="setDeploymentRoleSid" visibility="public" complexity="1" crap="2" count="0"/>
      <line num="70" type="stmt" count="0"/>
      <line num="71" type="stmt" count="0"/>
      <line num="79" type="method" name="getPushCredentialSid" visibility="public" complexity="1" crap="2" count="0"/>
      <line num="80" type="stmt" count="0"/>
      <line num="90" type="method" name="setPushCredentialSid" visibility="public" complexity="1" crap="2" count="0"/>
      <line num="91" type="stmt" count="0"/>
      <line num="92" type="stmt" count="0"/>
      <line num="100" type="method" name="getGrantKey" visibility="public" complexity="1" crap="1" count="1"/>
      <line num="101" type="stmt" count="1"/>
      <line num="109" type="method" name="getPayload" visibility="public" complexity="5" crap="5.20" count="1"/>
      <line num="110" type="stmt" count="1"/>
      <line num="111" type="stmt" count="1"/>
      <line num="112" type="stmt" count="1"/>
      <line num="114" type="stmt" count="1"/>
      <line num="115" type="stmt" count="1"/>
      <line num="117" type="stmt" count="1"/>
      <line num="118" type="stmt" count="0"/>
      <line num="120" type="stmt" count="1"/>
      <line num="121" type="stmt" count="0"/>
      <line num="124" type="stmt" count="1"/>
      <metrics loc="127" ncloc="69" classes="1" methods="10" coveredmethods="3" conditionals="0" coveredconditionals="0" statements="23" coveredstatements="13" elements="33" coveredelements="16"/>
    </file>
    <file name="/twilio/src/Twilio/Jwt/Grants/TaskRouterGrant.php">
      <class name="Twilio\Jwt\Grants\TaskRouterGrant" namespace="global">
        <metrics complexity="11" methods="8" coveredmethods="5" conditionals="0" coveredconditionals="0" statements="18" coveredstatements="15" elements="26" coveredelements="20"/>
      </class>
      <line num="15" type="method" name="getWorkspaceSid" visibility="public" complexity="1" crap="2" count="0"/>
      <line num="16" type="stmt" count="0"/>
      <line num="26" type="method" name="setWorkspaceSid" visibility="public" complexity="1" crap="1" count="1"/>
      <line num="27" type="stmt" count="1"/>
      <line num="28" type="stmt" count="1"/>
      <line num="36" type="method" name="getWorkerSid" visibility="public" complexity="1" crap="2" count="0"/>
      <line num="37" type="stmt" count="0"/>
      <line num="47" type="method" name="setWorkerSid" visibility="public" complexity="1" crap="1" count="1"/>
      <line num="48" type="stmt" count="1"/>
      <line num="49" type="stmt" count="1"/>
      <line num="57" type="method" name="getRole" visibility="public" complexity="1" crap="2" count="0"/>
      <line num="58" type="stmt" count="0"/>
      <line num="68" type="method" name="setRole" visibility="public" complexity="1" crap="1" count="1"/>
      <line num="69" type="stmt" count="1"/>
      <line num="70" type="stmt" count="1"/>
      <line num="78" type="method" name="getGrantKey" visibility="public" complexity="1" crap="1" count="2"/>
      <line num="79" type="stmt" count="2"/>
      <line num="87" type="method" name="getPayload" visibility="public" complexity="4" crap="4" count="2"/>
      <line num="88" type="stmt" count="2"/>
      <line num="89" type="stmt" count="2"/>
      <line num="90" type="stmt" count="1"/>
      <line num="92" type="stmt" count="2"/>
      <line num="93" type="stmt" count="1"/>
      <line num="95" type="stmt" count="2"/>
      <line num="96" type="stmt" count="1"/>
      <line num="99" type="stmt" count="2"/>
      <metrics loc="102" ncloc="56" classes="1" methods="8" coveredmethods="5" conditionals="0" coveredconditionals="0" statements="18" coveredstatements="15" elements="26" coveredelements="20"/>
    </file>
    <file name="/twilio/src/Twilio/Jwt/Grants/VideoGrant.php">
      <class name="Twilio\Jwt\Grants\VideoGrant" namespace="global">
        <metrics complexity="5" methods="4" coveredmethods="3" conditionals="0" coveredconditionals="0" statements="8" coveredstatements="7" elements="12" coveredelements="10"/>
      </class>
      <line num="16" type="method" name="getRoom" visibility="public" complexity="1" crap="2" count="0"/>
      <line num="17" type="stmt" count="0"/>
      <line num="26" type="method" name="setRoom" visibility="public" complexity="1" crap="1" count="1"/>
      <line num="27" type="stmt" count="1"/>
      <line num="28" type="stmt" count="1"/>
      <line num="36" type="method" name="getGrantKey" visibility="public" complexity="1" crap="1" count="2"/>
      <line num="37" type="stmt" count="2"/>
      <line num="45" type="method" name="getPayload" visibility="public" complexity="2" crap="2" count="2"/>
      <line num="46" type="stmt" count="2"/>
      <line num="47" type="stmt" count="2"/>
      <line num="48" type="stmt" count="1"/>
      <line num="50" type="stmt" count="2"/>
      <metrics loc="53" ncloc="32" classes="1" methods="4" coveredmethods="3" conditionals="0" coveredconditionals="0" statements="8" coveredstatements="7" elements="12" coveredelements="10"/>
    </file>
    <file name="/twilio/src/Twilio/Jwt/Grants/VoiceGrant.php">
      <class name="Twilio\Jwt\Grants\VoiceGrant" namespace="global">
        <metrics complexity="17" methods="12" coveredmethods="3" conditionals="0" coveredconditionals="0" statements="33" coveredstatements="20" elements="45" coveredelements="23"/>
      </class>
      <line num="20" type="method" name="getIncomingAllow" visibility="public" complexity="1" crap="2" count="0"/>
      <line num="21" type="stmt" count="0"/>
      <line num="31" type="method" name="setIncomingAllow" visibility="public" complexity="1" crap="1" count="1"/>
      <line num="32" type="stmt" count="1"/>
      <line num="33" type="stmt" count="1"/>
      <line num="41" type="method" name="getOutgoingApplicationSid" visibility="public" complexity="1" crap="2" count="0"/>
      <line num="42" type="stmt" count="0"/>
      <line num="52" type="method" name="setOutgoingApplicationSid" visibility="public" complexity="1" crap="2" count="0"/>
      <line num="53" type="stmt" count="0"/>
      <line num="54" type="stmt" count="0"/>
      <line num="62" type="method" name="getOutgoingApplicationParams" visibility="public" complexity="1" crap="2" count="0"/>
      <line num="63" type="stmt" count="0"/>
      <line num="74" type="method" name="setOutgoingApplication" visibility="public" complexity="1" crap="1" count="1"/>
      <line num="75" type="stmt" count="1"/>
      <line num="76" type="stmt" count="1"/>
      <line num="77" type="stmt" count="1"/>
      <line num="85" type="method" name="getPushCredentialSid" visibility="public" complexity="1" crap="2" count="0"/>
      <line num="86" type="stmt" count="0"/>
      <line num="96" type="method" name="setPushCredentialSid" visibility="public" complexity="1" crap="2" count="0"/>
      <line num="97" type="stmt" count="0"/>
      <line num="98" type="stmt" count="0"/>
      <line num="106" type="method" name="getEndpointId" visibility="public" complexity="1" crap="2" count="0"/>
      <line num="107" type="stmt" count="0"/>
      <line num="117" type="method" name="setEndpointId" visibility="public" complexity="1" crap="2" count="0"/>
      <line num="118" type="stmt" count="0"/>
      <line num="119" type="stmt" count="0"/>
      <line num="127" type="method" name="getGrantKey" visibility="public" complexity="1" crap="1" count="1"/>
      <line num="128" type="stmt" count="1"/>
      <line num="136" type="method" name="getPayload" visibility="public" complexity="6" crap="6.07" count="1"/>
      <line num="137" type="stmt" count="1"/>
      <line num="138" type="stmt" count="1"/>
      <line num="139" type="stmt" count="1"/>
      <line num="140" type="stmt" count="1"/>
      <line num="141" type="stmt" count="1"/>
      <line num="144" type="stmt" count="1"/>
      <line num="145" type="stmt" count="1"/>
      <line num="146" type="stmt" count="1"/>
      <line num="148" type="stmt" count="1"/>
      <line num="149" type="stmt" count="1"/>
      <line num="152" type="stmt" count="1"/>
      <line num="155" type="stmt" count="1"/>
      <line num="156" type="stmt" count="0"/>
      <line num="159" type="stmt" count="1"/>
      <line num="160" type="stmt" count="0"/>
      <line num="163" type="stmt" count="1"/>
      <metrics loc="166" ncloc="95" classes="1" methods="12" coveredmethods="3" conditionals="0" coveredconditionals="0" statements="33" coveredstatements="20" elements="45" coveredelements="23"/>
    </file>
    <file name="/twilio/src/Twilio/Jwt/JWT.php">
      <class name="Twilio\Jwt\JWT" namespace="global">
        <metrics complexity="26" methods="9" coveredmethods="3" conditionals="0" coveredconditionals="0" statements="51" coveredstatements="38" elements="60" coveredelements="41"/>
      </class>
      <line num="22" type="method" name="decode" visibility="public" complexity="7" crap="8.81" count="25"/>
      <line num="23" type="stmt" count="25"/>
      <line num="24" type="stmt" count="25"/>
      <line num="25" type="stmt" count="0"/>
      <line num="27" type="stmt" count="25"/>
      <line num="28" type="stmt" count="25"/>
      <line num="30" type="stmt" count="0"/>
      <line num="32" type="stmt" count="25"/>
      <line num="34" type="stmt" count="0"/>
      <line num="36" type="stmt" count="25"/>
      <line num="37" type="stmt" count="25"/>
      <line num="38" type="stmt" count="25"/>
      <line num="39" type="stmt" count="0"/>
      <line num="42" type="stmt" count="25"/>
      <line num="43" type="stmt" count="0"/>
      <line num="46" type="stmt" count="25"/>
      <line num="54" type="method" name="getHeader" visibility="public" complexity="3" crap="3.21" count="2"/>
      <line num="55" type="stmt" count="2"/>
      <line num="56" type="stmt" count="2"/>
      <line num="57" type="stmt" count="0"/>
      <line num="59" type="stmt" count="2"/>
      <line num="60" type="stmt" count="2"/>
      <line num="62" type="stmt" count="0"/>
      <line num="64" type="stmt" count="2"/>
      <line num="75" type="method" name="encode" visibility="public" complexity="1" crap="1" count="27"/>
      <line num="76" type="stmt" count="27"/>
      <line num="77" type="stmt" count="27"/>
      <line num="79" type="stmt" count="27"/>
      <line num="80" type="stmt" count="27"/>
      <line num="81" type="stmt" count="27"/>
      <line num="82" type="stmt" count="27"/>
      <line num="84" type="stmt" count="27"/>
      <line num="85" type="stmt" count="27"/>
      <line num="87" type="stmt" count="27"/>
      <line num="97" type="method" name="sign" visibility="public" complexity="2" crap="2.15" count="27"/>
      <line num="103" type="stmt" count="27"/>
      <line num="104" type="stmt" count="0"/>
      <line num="106" type="stmt" count="27"/>
      <line num="114" type="method" name="jsonDecode" visibility="public" complexity="5" crap="5.93" count="27"/>
      <line num="115" type="stmt" count="27"/>
      <line num="116" type="stmt" count="27"/>
      <line num="117" type="stmt" count="0"/>
      <line num="118" type="stmt" count="27"/>
      <line num="119" type="stmt" count="0"/>
      <line num="121" type="stmt" count="27"/>
      <line num="129" type="method" name="jsonEncode" visibility="public" complexity="5" crap="5.93" count="27"/>
      <line num="130" type="stmt" count="27"/>
      <line num="131" type="stmt" count="27"/>
      <line num="132" type="stmt" count="0"/>
      <line num="133" type="stmt" count="27"/>
      <line num="134" type="stmt" count="0"/>
      <line num="136" type="stmt" count="27"/>
      <line num="144" type="method" name="urlsafeB64Decode" visibility="public" complexity="1" crap="1" count="27"/>
      <line num="145" type="stmt" count="27"/>
      <line num="146" type="stmt" count="27"/>
      <line num="147" type="stmt" count="27"/>
      <line num="155" type="method" name="urlsafeB64Encode" visibility="public" complexity="1" crap="1" count="27"/>
      <line num="156" type="stmt" count="27"/>
      <line num="164" type="method" name="handleJsonError" visibility="private" complexity="1" crap="2" count="0"/>
      <line num="170" type="stmt" count="0"/>
      <metrics loc="173" ncloc="112" classes="1" methods="9" coveredmethods="3" conditionals="0" coveredconditionals="0" statements="51" coveredstatements="38" elements="60" coveredelements="41"/>
    </file>
    <file name="/twilio/src/Twilio/Jwt/TaskRouter/CapabilityToken.php">
      <class name="Twilio\Jwt\TaskRouter\CapabilityToken" namespace="global">
        <metrics complexity="27" methods="11" coveredmethods="3" conditionals="0" coveredconditionals="0" statements="69" coveredstatements="45" elements="80" coveredelements="48"/>
      </class>
      <line num="33" type="method" name="__construct" visibility="public" complexity="4" crap="4.03" count="6"/>
      <line num="35" type="stmt" count="6"/>
      <line num="36" type="stmt" count="6"/>
      <line num="37" type="stmt" count="6"/>
      <line num="38" type="stmt" count="6"/>
      <line num="40" type="stmt" count="6"/>
      <line num="41" type="stmt" count="6"/>
      <line num="42" type="stmt" count="6"/>
      <line num="43" type="stmt" count="0"/>
      <line num="45" type="stmt" count="6"/>
      <line num="46" type="stmt" count="0"/>
      <line num="48" type="stmt" count="6"/>
      <line num="50" type="stmt" count="6"/>
      <line num="52" type="stmt" count="6"/>
      <line num="53" type="stmt" count="6"/>
      <line num="57" type="stmt" count="6"/>
      <line num="58" type="stmt" count="6"/>
      <line num="61" type="stmt" count="6"/>
      <line num="67" type="method" name="addPolicyDeconstructed" visibility="public" complexity="1" crap="1" count="6"/>
      <line num="68" type="stmt" count="6"/>
      <line num="69" type="stmt" count="6"/>
      <line num="70" type="stmt" count="6"/>
      <line num="73" type="method" name="allow" visibility="public" complexity="1" crap="1" count="6"/>
      <line num="74" type="stmt" count="6"/>
      <line num="77" type="method" name="deny" visibility="public" complexity="1" crap="2" count="0"/>
      <line num="78" type="stmt" count="0"/>
      <line num="81" type="method" name="validateJWT" visibility="private" complexity="9" crap="16.11" count="6"/>
      <line num="82" type="stmt" count="6"/>
      <line num="83" type="stmt" count="0"/>
      <line num="85" type="stmt" count="6"/>
      <line num="86" type="stmt" count="0"/>
      <line num="88" type="stmt" count="6"/>
      <line num="89" type="stmt" count="0"/>
      <line num="91" type="stmt" count="6"/>
      <line num="92" type="stmt" count="6"/>
      <line num="93" type="stmt" count="0"/>
      <line num="97" type="method" name="allowFetchSubresources" visibility="public" complexity="1" crap="1" count="1"/>
      <line num="98" type="stmt" count="1"/>
      <line num="99" type="stmt" count="1"/>
      <line num="100" type="stmt" count="1"/>
      <line num="101" type="stmt" count="1"/>
      <line num="104" type="method" name="allowUpdates" visibility="public" complexity="1" crap="2" count="0"/>
      <line num="105" type="stmt" count="0"/>
      <line num="106" type="stmt" count="0"/>
      <line num="107" type="stmt" count="0"/>
      <line num="108" type="stmt" count="0"/>
      <line num="111" type="method" name="allowUpdatesSubresources" visibility="public" complexity="1" crap="2" count="0"/>
      <line num="112" type="stmt" count="0"/>
      <line num="113" type="stmt" count="0"/>
      <line num="114" type="stmt" count="0"/>
      <line num="115" type="stmt" count="0"/>
      <line num="118" type="method" name="allowDelete" visibility="public" complexity="1" crap="2" count="0"/>
      <line num="119" type="stmt" count="0"/>
      <line num="120" type="stmt" count="0"/>
      <line num="121" type="stmt" count="0"/>
      <line num="122" type="stmt" count="0"/>
      <line num="125" type="method" name="allowDeleteSubresources" visibility="public" complexity="1" crap="2" count="0"/>
      <line num="126" type="stmt" count="0"/>
      <line num="127" type="stmt" count="0"/>
      <line num="128" type="stmt" count="0"/>
      <line num="129" type="stmt" count="0"/>
      <line num="132" type="method" name="generateToken" visibility="public" complexity="5" crap="5.00" count="6"/>
      <line num="134" type="stmt" count="6"/>
      <line num="135" type="stmt" count="6"/>
      <line num="136" type="stmt" count="6"/>
      <line num="137" type="stmt" count="6"/>
      <line num="138" type="stmt" count="6"/>
      <line num="139" type="stmt" count="6"/>
      <line num="140" type="stmt" count="6"/>
      <line num="143" type="stmt" count="6"/>
      <line num="144" type="stmt" count="3"/>
      <line num="145" type="stmt" count="3"/>
      <line num="146" type="stmt" count="1"/>
      <line num="149" type="stmt" count="6"/>
      <line num="150" type="stmt" count="0"/>
      <line num="153" type="stmt" count="6"/>
      <line num="154" type="stmt" count="6"/>
      <line num="155" type="stmt" count="6"/>
      <line num="158" type="stmt" count="6"/>
      <line num="159" type="stmt" count="6"/>
      <metrics loc="162" ncloc="153" classes="1" methods="11" coveredmethods="3" conditionals="0" coveredconditionals="0" statements="69" coveredstatements="45" elements="80" coveredelements="48"/>
    </file>
    <file name="/twilio/src/Twilio/Jwt/TaskRouter/Policy.php">
      <class name="Twilio\Jwt\TaskRouter\Policy" namespace="global">
        <metrics complexity="8" methods="4" coveredmethods="1" conditionals="0" coveredconditionals="0" statements="17" coveredstatements="14" elements="21" coveredelements="15"/>
      </class>
      <line num="20" type="method" name="__construct" visibility="public" complexity="1" crap="1" count="6"/>
      <line num="21" type="stmt" count="6"/>
      <line num="22" type="stmt" count="6"/>
      <line num="23" type="stmt" count="6"/>
      <line num="24" type="stmt" count="6"/>
      <line num="25" type="stmt" count="6"/>
      <line num="28" type="method" name="addQueryFilter" visibility="public" complexity="1" crap="2" count="0"/>
      <line num="29" type="stmt" count="0"/>
      <line num="32" type="method" name="addPostFilter" visibility="public" complexity="1" crap="2" count="0"/>
      <line num="33" type="stmt" count="0"/>
      <line num="36" type="method" name="toArray" visibility="public" complexity="5" crap="5.03" count="6"/>
      <line num="37" type="stmt" count="6"/>
      <line num="38" type="stmt" count="6"/>
      <line num="39" type="stmt" count="3"/>
      <line num="40" type="stmt" count="0"/>
      <line num="42" type="stmt" count="3"/>
      <line num="45" type="stmt" count="6"/>
      <line num="46" type="stmt" count="3"/>
      <line num="47" type="stmt" count="2"/>
      <line num="49" type="stmt" count="2"/>
      <line num="52" type="stmt" count="6"/>
      <metrics loc="55" ncloc="49" classes="1" methods="4" coveredmethods="1" conditionals="0" coveredconditionals="0" statements="17" coveredstatements="14" elements="21" coveredelements="15"/>
    </file>
    <file name="/twilio/src/Twilio/Jwt/TaskRouter/TaskQueueCapability.php">
      <class name="Twilio\Jwt\TaskRouter\TaskQueueCapability" namespace="global">
        <metrics complexity="2" methods="2" coveredmethods="2" conditionals="0" coveredconditionals="0" statements="2" coveredstatements="2" elements="4" coveredelements="4"/>
      </class>
      <line num="13" type="method" name="__construct" visibility="public" complexity="1" crap="1" count="1"/>
      <line num="15" type="stmt" count="1"/>
      <line num="18" type="method" name="setupResource" visibility="protected" complexity="1" crap="1" count="1"/>
      <line num="19" type="stmt" count="1"/>
      <metrics loc="22" ncloc="16" classes="1" methods="2" coveredmethods="2" conditionals="0" coveredconditionals="0" statements="2" coveredstatements="2" elements="4" coveredelements="4"/>
    </file>
    <file name="/twilio/src/Twilio/Jwt/TaskRouter/WorkerCapability.php">
      <class name="Twilio\Jwt\TaskRouter\WorkerCapability" namespace="global">
        <metrics complexity="4" methods="4" coveredmethods="4" conditionals="0" coveredconditionals="0" statements="17" coveredstatements="17" elements="21" coveredelements="21"/>
      </class>
      <line num="17" type="method" name="__construct" visibility="public" complexity="1" crap="1" count="3"/>
      <line num="19" type="stmt" count="3"/>
      <line num="21" type="stmt" count="3"/>
      <line num="22" type="stmt" count="3"/>
      <line num="23" type="stmt" count="3"/>
      <line num="26" type="stmt" count="3"/>
      <line num="27" type="stmt" count="3"/>
      <line num="28" type="stmt" count="3"/>
      <line num="31" type="method" name="setupResource" visibility="protected" complexity="1" crap="1" count="3"/>
      <line num="32" type="stmt" count="3"/>
      <line num="35" type="method" name="allowActivityUpdates" visibility="public" complexity="1" crap="1" count="2"/>
      <line num="36" type="stmt" count="2"/>
      <line num="37" type="stmt" count="2"/>
      <line num="38" type="stmt" count="2"/>
      <line num="39" type="stmt" count="2"/>
      <line num="42" type="method" name="allowReservationUpdates" visibility="public" complexity="1" crap="1" count="1"/>
      <line num="43" type="stmt" count="1"/>
      <line num="44" type="stmt" count="1"/>
      <line num="45" type="stmt" count="1"/>
      <line num="46" type="stmt" count="1"/>
      <line num="47" type="stmt" count="1"/>
      <metrics loc="50" ncloc="43" classes="1" methods="4" coveredmethods="4" conditionals="0" coveredconditionals="0" statements="17" coveredstatements="17" elements="21" coveredelements="21"/>
    </file>
    <file name="/twilio/src/Twilio/Jwt/TaskRouter/WorkspaceCapability.php">
      <class name="Twilio\Jwt\TaskRouter\WorkspaceCapability" namespace="global">
        <metrics complexity="2" methods="2" coveredmethods="2" conditionals="0" coveredconditionals="0" statements="2" coveredstatements="2" elements="4" coveredelements="4"/>
      </class>
      <line num="8" type="method" name="__construct" visibility="public" complexity="1" crap="1" count="2"/>
      <line num="10" type="stmt" count="2"/>
      <line num="13" type="method" name="setupResource" visibility="protected" complexity="1" crap="1" count="2"/>
      <line num="14" type="stmt" count="2"/>
      <metrics loc="17" ncloc="17" classes="1" methods="2" coveredmethods="2" conditionals="0" coveredconditionals="0" statements="2" coveredstatements="2" elements="4" coveredelements="4"/>
    </file>
    <file name="/twilio/src/Twilio/ListResource.php">
      <class name="Twilio\ListResource" namespace="global">
        <metrics complexity="2" methods="2" coveredmethods="0" conditionals="0" coveredconditionals="0" statements="2" coveredstatements="0" elements="4" coveredelements="0"/>
      </class>
      <line num="12" type="method" name="__construct" visibility="public" complexity="1" crap="2" count="0"/>
      <line num="13" type="stmt" count="0"/>
      <line num="16" type="method" name="__toString" visibility="public" complexity="1" crap="2" count="0"/>
      <line num="17" type="stmt" count="0"/>
      <metrics loc="20" ncloc="20" classes="1" methods="2" coveredmethods="0" conditionals="0" coveredconditionals="0" statements="2" coveredstatements="0" elements="4" coveredelements="0"/>
    </file>
    <file name="/twilio/src/Twilio/Options.php">
      <class name="Twilio\Options" namespace="global">
        <metrics complexity="1" methods="1" coveredmethods="0" conditionals="0" coveredconditionals="0" statements="1" coveredstatements="0" elements="2" coveredelements="0"/>
      </class>
      <line num="10" type="method" name="getIterator" visibility="public" complexity="1" crap="2" count="0"/>
      <line num="11" type="stmt" count="0"/>
      <metrics loc="14" ncloc="14" classes="1" methods="1" coveredmethods="0" conditionals="0" coveredconditionals="0" statements="1" coveredstatements="0" elements="2" coveredelements="0"/>
    </file>
    <file name="/twilio/src/Twilio/Page.php">
      <class name="Twilio\Page" namespace="global">
        <metrics complexity="36" methods="17" coveredmethods="0" conditionals="0" coveredconditionals="0" statements="57" coveredstatements="0" elements="74" coveredelements="0"/>
      </class>
      <line num="33" type="method" name="__construct" visibility="public" complexity="1" crap="2" count="0"/>
      <line num="34" type="stmt" count="0"/>
      <line num="36" type="stmt" count="0"/>
      <line num="37" type="stmt" count="0"/>
      <line num="38" type="stmt" count="0"/>
      <line num="39" type="stmt" count="0"/>
      <line num="42" type="method" name="processResponse" visibility="protected" complexity="5" crap="30" count="0"/>
      <line num="43" type="stmt" count="0"/>
      <line num="44" type="stmt" count="0"/>
      <line num="45" type="stmt" count="0"/>
      <line num="47" type="stmt" count="0"/>
      <line num="48" type="stmt" count="0"/>
      <line num="49" type="stmt" count="0"/>
      <line num="51" type="stmt" count="0"/>
      <line num="52" type="stmt" count="0"/>
      <line num="53" type="stmt" count="0"/>
      <line num="54" type="stmt" count="0"/>
      <line num="55" type="stmt" count="0"/>
      <line num="58" type="stmt" count="0"/>
      <line num="60" type="stmt" count="0"/>
      <line num="63" type="method" name="isPagingEol" visibility="protected" complexity="3" crap="12" count="0"/>
      <line num="64" type="stmt" count="0"/>
      <line num="67" type="method" name="hasMeta" visibility="protected" complexity="2" crap="6" count="0"/>
      <line num="68" type="stmt" count="0"/>
      <line num="71" type="method" name="getMeta" visibility="protected" complexity="2" crap="6" count="0"/>
      <line num="72" type="stmt" count="0"/>
      <line num="75" type="method" name="loadPage" visibility="protected" complexity="4" crap="20" count="0"/>
      <line num="76" type="stmt" count="0"/>
      <line num="77" type="stmt" count="0"/>
      <line num="78" type="stmt" count="0"/>
      <line num="81" type="stmt" count="0"/>
      <line num="82" type="stmt" count="0"/>
      <line num="83" type="stmt" count="0"/>
      <line num="85" type="stmt" count="0"/>
      <line num="86" type="stmt" count="0"/>
      <line num="90" type="stmt" count="0"/>
      <line num="91" type="stmt" count="0"/>
      <line num="94" type="stmt" count="0"/>
      <line num="97" type="method" name="getPreviousPageUrl" visibility="public" complexity="4" crap="20" count="0"/>
      <line num="98" type="stmt" count="0"/>
      <line num="99" type="stmt" count="0"/>
      <line num="100" type="stmt" count="0"/>
      <line num="101" type="stmt" count="0"/>
      <line num="103" type="stmt" count="0"/>
      <line num="106" type="method" name="getNextPageUrl" visibility="public" complexity="4" crap="20" count="0"/>
      <line num="107" type="stmt" count="0"/>
      <line num="108" type="stmt" count="0"/>
      <line num="109" type="stmt" count="0"/>
      <line num="110" type="stmt" count="0"/>
      <line num="112" type="stmt" count="0"/>
      <line num="115" type="method" name="nextPage" visibility="public" complexity="2" crap="6" count="0"/>
      <line num="116" type="stmt" count="0"/>
      <line num="117" type="stmt" count="0"/>
      <line num="120" type="stmt" count="0"/>
      <line num="121" type="stmt" count="0"/>
      <line num="124" type="method" name="previousPage" visibility="public" complexity="2" crap="6" count="0"/>
      <line num="125" type="stmt" count="0"/>
      <line num="126" type="stmt" count="0"/>
      <line num="129" type="stmt" count="0"/>
      <line num="130" type="stmt" count="0"/>
      <line num="140" type="method" name="current" visibility="public" complexity="1" crap="2" count="0"/>
      <line num="141" type="stmt" count="0"/>
      <line num="150" type="method" name="next" visibility="public" complexity="1" crap="2" count="0"/>
      <line num="151" type="stmt" count="0"/>
      <line num="161" type="method" name="key" visibility="public" complexity="1" crap="2" count="0"/>
      <line num="162" type="stmt" count="0"/>
      <line num="172" type="method" name="valid" visibility="public" complexity="1" crap="2" count="0"/>
      <line num="173" type="stmt" count="0"/>
      <line num="182" type="method" name="rewind" visibility="public" complexity="1" crap="2" count="0"/>
      <line num="183" type="stmt" count="0"/>
      <line num="187" type="method" name="getVersion" visibility="public" complexity="1" crap="2" count="0"/>
      <line num="188" type="stmt" count="0"/>
      <line num="191" type="method" name="__toString" visibility="public" complexity="1" crap="2" count="0"/>
      <line num="192" type="stmt" count="0"/>
      <metrics loc="196" ncloc="162" classes="1" methods="17" coveredmethods="0" conditionals="0" coveredconditionals="0" statements="57" coveredstatements="0" elements="74" coveredelements="0"/>
    </file>
    <file name="/twilio/src/Twilio/Rest/Accounts.php">
      <class name="Twilio\Rest\Accounts" namespace="global">
        <metrics complexity="0" methods="0" coveredmethods="0" conditionals="0" coveredconditionals="0" statements="0" coveredstatements="0" elements="0" coveredelements="0"/>
      </class>
      <metrics loc="109" ncloc="11" classes="0" methods="0" coveredmethods="0" conditionals="0" coveredconditionals="0" statements="0" coveredstatements="0" elements="0" coveredelements="0"/>
    </file>
    <file name="/twilio/src/Twilio/Rest/Api.php">
      <class name="Twilio\Rest\Api" namespace="global">
        <metrics complexity="52" methods="49" coveredmethods="0" conditionals="0" coveredconditionals="0" statements="58" coveredstatements="0" elements="107" coveredelements="0"/>
      </class>
      <line num="71" type="method" name="__construct" visibility="public" complexity="1" crap="2" count="0"/>
      <line num="72" type="stmt" count="0"/>
      <line num="74" type="stmt" count="0"/>
      <line num="80" type="method" name="getV2010" visibility="protected" complexity="2" crap="6" count="0"/>
      <line num="81" type="stmt" count="0"/>
      <line num="82" type="stmt" count="0"/>
      <line num="84" type="stmt" count="0"/>
      <line num="94" type="method" name="__get" visibility="public" complexity="2" crap="6" count="0"/>
      <line num="95" type="stmt" count="0"/>
      <line num="96" type="stmt" count="0"/>
      <line num="97" type="stmt" count="0"/>
      <line num="100" type="stmt" count="0"/>
      <line num="111" type="method" name="__call" visibility="public" complexity="2" crap="6" count="0"/>
      <line num="112" type="stmt" count="0"/>
      <line num="113" type="stmt" count="0"/>
      <line num="114" type="stmt" count="0"/>
      <line num="117" type="stmt" count="0"/>
      <line num="124" type="method" name="getAccount" visibility="protected" complexity="1" crap="2" count="0"/>
      <line num="125" type="stmt" count="0"/>
      <line num="128" type="method" name="getAccounts" visibility="protected" complexity="1" crap="2" count="0"/>
      <line num="129" type="stmt" count="0"/>
      <line num="135" type="method" name="contextAccounts" visibility="protected" complexity="1" crap="2" count="0"/>
      <line num="136" type="stmt" count="0"/>
      <line num="139" type="method" name="getAddresses" visibility="protected" complexity="1" crap="2" count="0"/>
      <line num="140" type="stmt" count="0"/>
      <line num="146" type="method" name="contextAddresses" visibility="protected" complexity="1" crap="2" count="0"/>
      <line num="147" type="stmt" count="0"/>
      <line num="150" type="method" name="getApplications" visibility="protected" complexity="1" crap="2" count="0"/>
      <line num="151" type="stmt" count="0"/>
      <line num="157" type="method" name="contextApplications" visibility="protected" complexity="1" crap="2" count="0"/>
      <line num="158" type="stmt" count="0"/>
      <line num="161" type="method" name="getAuthorizedConnectApps" visibility="protected" complexity="1" crap="2" count="0"/>
      <line num="162" type="stmt" count="0"/>
      <line num="168" type="method" name="contextAuthorizedConnectApps" visibility="protected" complexity="1" crap="2" count="0"/>
      <line num="169" type="stmt" count="0"/>
      <line num="172" type="method" name="getAvailablePhoneNumbers" visibility="protected" complexity="1" crap="2" count="0"/>
      <line num="173" type="stmt" count="0"/>
      <line num="180" type="method" name="contextAvailablePhoneNumbers" visibility="protected" complexity="1" crap="2" count="0"/>
      <line num="181" type="stmt" count="0"/>
      <line num="184" type="method" name="getBalance" visibility="protected" complexity="1" crap="2" count="0"/>
      <line num="185" type="stmt" count="0"/>
      <line num="188" type="method" name="getCalls" visibility="protected" complexity="1" crap="2" count="0"/>
      <line num="189" type="stmt" count="0"/>
      <line num="195" type="method" name="contextCalls" visibility="protected" complexity="1" crap="2" count="0"/>
      <line num="196" type="stmt" count="0"/>
      <line num="199" type="method" name="getConferences" visibility="protected" complexity="1" crap="2" count="0"/>
      <line num="200" type="stmt" count="0"/>
      <line num="206" type="method" name="contextConferences" visibility="protected" complexity="1" crap="2" count="0"/>
      <line num="207" type="stmt" count="0"/>
      <line num="210" type="method" name="getConnectApps" visibility="protected" complexity="1" crap="2" count="0"/>
      <line num="211" type="stmt" count="0"/>
      <line num="217" type="method" name="contextConnectApps" visibility="protected" complexity="1" crap="2" count="0"/>
      <line num="218" type="stmt" count="0"/>
      <line num="221" type="method" name="getIncomingPhoneNumbers" visibility="protected" complexity="1" crap="2" count="0"/>
      <line num="222" type="stmt" count="0"/>
      <line num="228" type="method" name="contextIncomingPhoneNumbers" visibility="protected" complexity="1" crap="2" count="0"/>
      <line num="229" type="stmt" count="0"/>
      <line num="232" type="method" name="getKeys" visibility="protected" complexity="1" crap="2" count="0"/>
      <line num="233" type="stmt" count="0"/>
      <line num="239" type="method" name="contextKeys" visibility="protected" complexity="1" crap="2" count="0"/>
      <line num="240" type="stmt" count="0"/>
      <line num="243" type="method" name="getMessages" visibility="protected" complexity="1" crap="2" count="0"/>
      <line num="244" type="stmt" count="0"/>
      <line num="250" type="method" name="contextMessages" visibility="protected" complexity="1" crap="2" count="0"/>
      <line num="251" type="stmt" count="0"/>
      <line num="254" type="method" name="getNewKeys" visibility="protected" complexity="1" crap="2" count="0"/>
      <line num="255" type="stmt" count="0"/>
      <line num="258" type="method" name="getNewSigningKeys" visibility="protected" complexity="1" crap="2" count="0"/>
      <line num="259" type="stmt" count="0"/>
      <line num="262" type="method" name="getNotifications" visibility="protected" complexity="1" crap="2" count="0"/>
      <line num="263" type="stmt" count="0"/>
      <line num="269" type="method" name="contextNotifications" visibility="protected" complexity="1" crap="2" count="0"/>
      <line num="270" type="stmt" count="0"/>
      <line num="273" type="method" name="getOutgoingCallerIds" visibility="protected" complexity="1" crap="2" count="0"/>
      <line num="274" type="stmt" count="0"/>
      <line num="280" type="method" name="contextOutgoingCallerIds" visibility="protected" complexity="1" crap="2" count="0"/>
      <line num="281" type="stmt" count="0"/>
      <line num="284" type="method" name="getQueues" visibility="protected" complexity="1" crap="2" count="0"/>
      <line num="285" type="stmt" count="0"/>
      <line num="291" type="method" name="contextQueues" visibility="protected" complexity="1" crap="2" count="0"/>
      <line num="292" type="stmt" count="0"/>
      <line num="295" type="method" name="getRecordings" visibility="protected" complexity="1" crap="2" count="0"/>
      <line num="296" type="stmt" count="0"/>
      <line num="302" type="method" name="contextRecordings" visibility="protected" complexity="1" crap="2" count="0"/>
      <line num="303" type="stmt" count="0"/>
      <line num="306" type="method" name="getSigningKeys" visibility="protected" complexity="1" crap="2" count="0"/>
      <line num="307" type="stmt" count="0"/>
      <line num="313" type="method" name="contextSigningKeys" visibility="protected" complexity="1" crap="2" count="0"/>
      <line num="314" type="stmt" count="0"/>
      <line num="317" type="method" name="getSip" visibility="protected" complexity="1" crap="2" count="0"/>
      <line num="318" type="stmt" count="0"/>
      <line num="321" type="method" name="getShortCodes" visibility="protected" complexity="1" crap="2" count="0"/>
      <line num="322" type="stmt" count="0"/>
      <line num="328" type="method" name="contextShortCodes" visibility="protected" complexity="1" crap="2" count="0"/>
      <line num="329" type="stmt" count="0"/>
      <line num="332" type="method" name="getTokens" visibility="protected" complexity="1" crap="2" count="0"/>
      <line num="333" type="stmt" count="0"/>
      <line num="336" type="method" name="getTranscriptions" visibility="protected" complexity="1" crap="2" count="0"/>
      <line num="337" type="stmt" count="0"/>
      <line num="343" type="method" name="contextTranscriptions" visibility="protected" complexity="1" crap="2" count="0"/>
      <line num="344" type="stmt" count="0"/>
      <line num="347" type="method" name="getUsage" visibility="protected" complexity="1" crap="2" count="0"/>
      <line num="348" type="stmt" count="0"/>
      <line num="351" type="method" name="getValidationRequests" visibility="protected" complexity="1" crap="2" count="0"/>
      <line num="352" type="stmt" count="0"/>
      <line num="360" type="method" name="__toString" visibility="public" complexity="1" crap="2" count="0"/>
      <line num="361" type="stmt" count="0"/>
      <metrics loc="363" ncloc="223" classes="1" methods="49" coveredmethods="0" conditionals="0" coveredconditionals="0" statements="58" coveredstatements="0" elements="107" coveredelements="0"/>
    </file>
    <file name="/twilio/src/Twilio/Rest/Autopilot.php">
      <class name="Twilio\Rest\Autopilot" namespace="global">
        <metrics complexity="11" methods="8" coveredmethods="0" conditionals="0" coveredconditionals="0" statements="17" coveredstatements="0" elements="25" coveredelements="0"/>
      </class>
      <line num="30" type="method" name="__construct" visibility="public" complexity="1" crap="2" count="0"/>
      <line num="31" type="stmt" count="0"/>
      <line num="33" type="stmt" count="0"/>
      <line num="39" type="method" name="getV1" visibility="protected" complexity="2" crap="6" count="0"/>
      <line num="40" type="stmt" count="0"/>
      <line num="41" type="stmt" count="0"/>
      <line num="43" type="stmt" count="0"/>
      <line num="53" type="method" name="__get" visibility="public" complexity="2" crap="6" count="0"/>
      <line num="54" type="stmt" count="0"/>
      <line num="55" type="stmt" count="0"/>
      <line num="56" type="stmt" count="0"/>
      <line num="59" type="stmt" count="0"/>
      <line num="70" type="method" name="__call" visibility="public" complexity="2" crap="6" count="0"/>
      <line num="71" type="stmt" count="0"/>
      <line num="72" type="stmt" count="0"/>
      <line num="73" type="stmt" count="0"/>
      <line num="76" type="stmt" count="0"/>
      <line num="79" type="method" name="getAssistants" visibility="protected" complexity="1" crap="2" count="0"/>
      <line num="80" type="stmt" count="0"/>
      <line num="86" type="method" name="contextAssistants" visibility="protected" complexity="1" crap="2" count="0"/>
      <line num="87" type="stmt" count="0"/>
      <line num="90" type="method" name="getRestoreAssistant" visibility="protected" complexity="1" crap="2" count="0"/>
      <line num="91" type="stmt" count="0"/>
      <line num="99" type="method" name="__toString" visibility="public" complexity="1" crap="2" count="0"/>
      <line num="100" type="stmt" count="0"/>
      <metrics loc="102" ncloc="59" classes="1" methods="8" coveredmethods="0" conditionals="0" coveredconditionals="0" statements="17" coveredstatements="0" elements="25" coveredelements="0"/>
    </file>
    <file name="/twilio/src/Twilio/Rest/Bulkexports.php">
      <class name="Twilio\Rest\Bulkexports" namespace="global">
        <metrics complexity="12" methods="9" coveredmethods="0" conditionals="0" coveredconditionals="0" statements="18" coveredstatements="0" elements="27" coveredelements="0"/>
      </class>
      <line num="31" type="method" name="__construct" visibility="public" complexity="1" crap="2" count="0"/>
      <line num="32" type="stmt" count="0"/>
      <line num="34" type="stmt" count="0"/>
      <line num="40" type="method" name="getV1" visibility="protected" complexity="2" crap="6" count="0"/>
      <line num="41" type="stmt" count="0"/>
      <line num="42" type="stmt" count="0"/>
      <line num="44" type="stmt" count="0"/>
      <line num="54" type="method" name="__get" visibility="public" complexity="2" crap="6" count="0"/>
      <line num="55" type="stmt" count="0"/>
      <line num="56" type="stmt" count="0"/>
      <line num="57" type="stmt" count="0"/>
      <line num="60" type="stmt" count="0"/>
      <line num="71" type="method" name="__call" visibility="public" complexity="2" crap="6" count="0"/>
      <line num="72" type="stmt" count="0"/>
      <line num="73" type="stmt" count="0"/>
      <line num="74" type="stmt" count="0"/>
      <line num="77" type="stmt" count="0"/>
      <line num="80" type="method" name="getExports" visibility="protected" complexity="1" crap="2" count="0"/>
      <line num="81" type="stmt" count="0"/>
      <line num="88" type="method" name="contextExports" visibility="protected" complexity="1" crap="2" count="0"/>
      <line num="89" type="stmt" count="0"/>
      <line num="92" type="method" name="getExportConfiguration" visibility="protected" complexity="1" crap="2" count="0"/>
      <line num="93" type="stmt" count="0"/>
      <line num="100" type="method" name="contextExportConfiguration" visibility="protected" complexity="1" crap="2" count="0"/>
      <line num="101" type="stmt" count="0"/>
      <line num="109" type="method" name="__toString" visibility="public" complexity="1" crap="2" count="0"/>
      <line num="110" type="stmt" count="0"/>
      <metrics loc="112" ncloc="63" classes="1" methods="9" coveredmethods="0" conditionals="0" coveredconditionals="0" statements="18" coveredstatements="0" elements="27" coveredelements="0"/>
    </file>
    <file name="/twilio/src/Twilio/Rest/Chat.php">
      <class name="Twilio\Rest\Chat" namespace="global">
        <metrics complexity="18" methods="13" coveredmethods="0" conditionals="0" coveredconditionals="0" statements="26" coveredstatements="0" elements="39" coveredelements="0"/>
      </class>
      <line num="39" type="method" name="__construct" visibility="public" complexity="1" crap="2" count="0"/>
      <line num="40" type="stmt" count="0"/>
      <line num="42" type="stmt" count="0"/>
      <line num="48" type="method" name="getV1" visibility="protected" complexity="2" crap="6" count="0"/>
      <line num="49" type="stmt" count="0"/>
      <line num="50" type="stmt" count="0"/>
      <line num="52" type="stmt" count="0"/>
      <line num="58" type="method" name="getV2" visibility="protected" complexity="2" crap="6" count="0"/>
      <line num="59" type="stmt" count="0"/>
      <line num="60" type="stmt" count="0"/>
      <line num="62" type="stmt" count="0"/>
      <line num="68" type="method" name="getV3" visibility="protected" complexity="2" crap="6" count="0"/>
      <line num="69" type="stmt" count="0"/>
      <line num="70" type="stmt" count="0"/>
      <line num="72" type="stmt" count="0"/>
      <line num="82" type="method" name="__get" visibility="public" complexity="2" crap="6" count="0"/>
      <line num="83" type="stmt" count="0"/>
      <line num="84" type="stmt" count="0"/>
      <line num="85" type="stmt" count="0"/>
      <line num="88" type="stmt" count="0"/>
      <line num="99" type="method" name="__call" visibility="public" complexity="2" crap="6" count="0"/>
      <line num="100" type="stmt" count="0"/>
      <line num="101" type="stmt" count="0"/>
      <line num="102" type="stmt" count="0"/>
      <line num="105" type="stmt" count="0"/>
      <line num="108" type="method" name="getCredentials" visibility="protected" complexity="1" crap="2" count="0"/>
      <line num="109" type="stmt" count="0"/>
      <line num="115" type="method" name="contextCredentials" visibility="protected" complexity="1" crap="2" count="0"/>
      <line num="116" type="stmt" count="0"/>
      <line num="119" type="method" name="getServices" visibility="protected" complexity="1" crap="2" count="0"/>
      <line num="120" type="stmt" count="0"/>
      <line num="126" type="method" name="contextServices" visibility="protected" complexity="1" crap="2" count="0"/>
      <line num="127" type="stmt" count="0"/>
      <line num="130" type="method" name="getChannels" visibility="protected" complexity="1" crap="2" count="0"/>
      <line num="131" type="stmt" count="0"/>
      <line num="138" type="method" name="contextChannels" visibility="protected" complexity="1" crap="2" count="0"/>
      <line num="139" type="stmt" count="0"/>
      <line num="147" type="method" name="__toString" visibility="public" complexity="1" crap="2" count="0"/>
      <line num="148" type="stmt" count="0"/>
[...]
    </file>
    <file name="/twilio/src/Twilio/TwiML/Voice/Start.php">
      <class name="Twilio\TwiML\Voice\Start" namespace="global">
        <metrics complexity="5" methods="5" coveredmethods="0" conditionals="0" coveredconditionals="0" statements="8" coveredstatements="0" elements="13" coveredelements="0"/>
      </class>
      <line num="20" type="method" name="__construct" visibility="public" complexity="1" crap="2" count="0"/>
      <line num="21" type="stmt" count="0"/>
      <line num="30" type="method" name="stream" visibility="public" complexity="1" crap="2" count="0"/>
      <line num="31" type="stmt" count="0"/>
      <line num="40" type="method" name="siprec" visibility="public" complexity="1" crap="2" count="0"/>
      <line num="41" type="stmt" count="0"/>
      <line num="49" type="method" name="setAction" visibility="public" complexity="1" crap="2" count="0"/>
      <line num="50" type="stmt" count="0"/>
      <line num="58" type="method" name="setMethod" visibility="public" complexity="1" crap="2" count="0"/>
      <line num="59" type="stmt" count="0"/>
      <metrics loc="61" ncloc="28" classes="1" methods="5" coveredmethods="0" conditionals="0" coveredconditionals="0" statements="8" coveredstatements="0" elements="13" coveredelements="0"/>
    </file>
    <file name="/twilio/src/Twilio/TwiML/Voice/Stop.php">
      <class name="Twilio\TwiML\Voice\Stop" namespace="global">
        <metrics complexity="3" methods="3" coveredmethods="0" conditionals="0" coveredconditionals="0" statements="5" coveredstatements="0" elements="8" coveredelements="0"/>
      </class>
      <line num="18" type="method" name="__construct" visibility="public" complexity="1" crap="2" count="0"/>
      <line num="19" type="stmt" count="0"/>
      <line num="28" type="method" name="stream" visibility="public" complexity="1" crap="2" count="0"/>
      <line num="29" type="stmt" count="0"/>
      <line num="38" type="method" name="siprec" visibility="public" complexity="1" crap="2" count="0"/>
      <line num="39" type="stmt" count="0"/>
      <metrics loc="41" ncloc="20" classes="1" methods="3" coveredmethods="0" conditionals="0" coveredconditionals="0" statements="5" coveredstatements="0" elements="8" coveredelements="0"/>
    </file>
    <file name="/twilio/src/Twilio/TwiML/Voice/Stream.php">
      <class name="Twilio\TwiML\Voice\Stream" namespace="global">
        <metrics complexity="8" methods="8" coveredmethods="0" conditionals="0" coveredconditionals="0" statements="10" coveredstatements="0" elements="18" coveredelements="0"/>
      </class>
      <line num="20" type="method" name="__construct" visibility="public" complexity="1" crap="2" count="0"/>
      <line num="21" type="stmt" count="0"/>
      <line num="30" type="method" name="parameter" visibility="public" complexity="1" crap="2" count="0"/>
      <line num="31" type="stmt" count="0"/>
      <line num="39" type="method" name="setName" visibility="public" complexity="1" crap="2" count="0"/>
      <line num="40" type="stmt" count="0"/>
      <line num="48" type="method" name="setConnectorName" visibility="public" complexity="1" crap="2" count="0"/>
      <line num="49" type="stmt" count="0"/>
      <line num="57" type="method" name="setUrl" visibility="public" complexity="1" crap="2" count="0"/>
      <line num="58" type="stmt" count="0"/>
      <line num="66" type="method" name="setTrack" visibility="public" complexity="1" crap="2" count="0"/>
      <line num="67" type="stmt" count="0"/>
      <line num="75" type="method" name="setStatusCallback" visibility="public" complexity="1" crap="2" count="0"/>
      <line num="76" type="stmt" count="0"/>
      <line num="84" type="method" name="setStatusCallbackMethod" visibility="public" complexity="1" crap="2" count="0"/>
      <line num="85" type="stmt" count="0"/>
      <metrics loc="87" ncloc="40" classes="1" methods="8" coveredmethods="0" conditionals="0" coveredconditionals="0" statements="10" coveredstatements="0" elements="18" coveredelements="0"/>
    </file>
    <file name="/twilio/src/Twilio/TwiML/Voice/Task.php">
      <class name="Twilio\TwiML\Voice\Task" namespace="global">
        <metrics complexity="3" methods="3" coveredmethods="0" conditionals="0" coveredconditionals="0" statements="4" coveredstatements="0" elements="7" coveredelements="0"/>
      </class>
      <line num="21" type="method" name="__construct" visibility="public" complexity="1" crap="2" count="0"/>
      <line num="22" type="stmt" count="0"/>
      <line num="30" type="method" name="setPriority" visibility="public" complexity="1" crap="2" count="0"/>
      <line num="31" type="stmt" count="0"/>
      <line num="39" type="method" name="setTimeout" visibility="public" complexity="1" crap="2" count="0"/>
      <line num="40" type="stmt" count="0"/>
      <metrics loc="42" ncloc="20" classes="1" methods="3" coveredmethods="0" conditionals="0" coveredconditionals="0" statements="4" coveredstatements="0" elements="7" coveredelements="0"/>
    </file>
    <file name="/twilio/src/Twilio/TwiML/Voice/VirtualAgent.php">
      <class name="Twilio\TwiML\Voice\VirtualAgent" namespace="global">
        <metrics complexity="8" methods="8" coveredmethods="0" conditionals="0" coveredconditionals="0" statements="11" coveredstatements="0" elements="19" coveredelements="0"/>
      </class>
      <line num="20" type="method" name="__construct" visibility="public" complexity="1" crap="2" count="0"/>
      <line num="21" type="stmt" count="0"/>
      <line num="30" type="method" name="config" visibility="public" complexity="1" crap="2" count="0"/>
      <line num="31" type="stmt" count="0"/>
      <line num="40" type="method" name="parameter" visibility="public" complexity="1" crap="2" count="0"/>
      <line num="41" type="stmt" count="0"/>
      <line num="50" type="method" name="setConnectorName" visibility="public" complexity="1" crap="2" count="0"/>
      <line num="51" type="stmt" count="0"/>
      <line num="60" type="method" name="setLanguage" visibility="public" complexity="1" crap="2" count="0"/>
      <line num="61" type="stmt" count="0"/>
      <line num="70" type="method" name="setSentimentAnalysis" visibility="public" complexity="1" crap="2" count="0"/>
      <line num="71" type="stmt" count="0"/>
      <line num="79" type="method" name="setStatusCallback" visibility="public" complexity="1" crap="2" count="0"/>
      <line num="80" type="stmt" count="0"/>
      <line num="89" type="method" name="setStatusCallbackMethod" visibility="public" complexity="1" crap="2" count="0"/>
      <line num="90" type="stmt" count="0"/>
      <metrics loc="92" ncloc="40" classes="1" methods="8" coveredmethods="0" conditionals="0" coveredconditionals="0" statements="11" coveredstatements="0" elements="19" coveredelements="0"/>
    </file>
    <file name="/twilio/src/Twilio/TwiML/VoiceResponse.php">
      <class name="Twilio\TwiML\VoiceResponse" namespace="global">
        <metrics complexity="21" methods="21" coveredmethods="2" conditionals="0" coveredconditionals="0" statements="21" coveredstatements="2" elements="42" coveredelements="4"/>
      </class>
      <line num="16" type="method" name="__construct" visibility="public" complexity="1" crap="1" count="5"/>
      <line num="17" type="stmt" count="5"/>
      <line num="26" type="method" name="connect" visibility="public" complexity="1" crap="2" count="0"/>
      <line num="27" type="stmt" count="0"/>
      <line num="37" type="method" name="dial" visibility="public" complexity="1" crap="1" count="2"/>
      <line num="38" type="stmt" count="2"/>
      <line num="46" type="method" name="echo_" visibility="public" complexity="1" crap="2" count="0"/>
      <line num="47" type="stmt" count="0"/>
      <line num="57" type="method" name="enqueue" visibility="public" complexity="1" crap="2" count="0"/>
      <line num="58" type="stmt" count="0"/>
      <line num="67" type="method" name="gather" visibility="public" complexity="1" crap="2" count="0"/>
      <line num="68" type="stmt" count="0"/>
      <line num="76" type="method" name="hangup" visibility="public" complexity="1" crap="2" count="0"/>
      <line num="77" type="stmt" count="0"/>
      <line num="85" type="method" name="leave" visibility="public" complexity="1" crap="2" count="0"/>
      <line num="86" type="stmt" count="0"/>
      <line num="95" type="method" name="pause" visibility="public" complexity="1" crap="2" count="0"/>
      <line num="96" type="stmt" count="0"/>
      <line num="106" type="method" name="play" visibility="public" complexity="1" crap="2" count="0"/>
      <line num="107" type="stmt" count="0"/>
      <line num="117" type="method" name="queue" visibility="public" complexity="1" crap="2" count="0"/>
      <line num="118" type="stmt" count="0"/>
      <line num="127" type="method" name="record" visibility="public" complexity="1" crap="2" count="0"/>
      <line num="128" type="stmt" count="0"/>
      <line num="138" type="method" name="redirect" visibility="public" complexity="1" crap="2" count="0"/>
      <line num="139" type="stmt" count="0"/>
      <line num="148" type="method" name="reject" visibility="public" complexity="1" crap="2" count="0"/>
      <line num="149" type="stmt" count="0"/>
      <line num="159" type="method" name="say" visibility="public" complexity="1" crap="2" count="0"/>
      <line num="160" type="stmt" count="0"/>
      <line num="170" type="method" name="sms" visibility="public" complexity="1" crap="2" count="0"/>
      <line num="171" type="stmt" count="0"/>
      <line num="180" type="method" name="pay" visibility="public" complexity="1" crap="2" count="0"/>
      <line num="181" type="stmt" count="0"/>
      <line num="190" type="method" name="prompt" visibility="public" complexity="1" crap="2" count="0"/>
      <line num="191" type="stmt" count="0"/>
      <line num="200" type="method" name="start" visibility="public" complexity="1" crap="2" count="0"/>
      <line num="201" type="stmt" count="0"/>
      <line num="209" type="method" name="stop" visibility="public" complexity="1" crap="2" count="0"/>
      <line num="210" type="stmt" count="0"/>
      <line num="219" type="method" name="refer" visibility="public" complexity="1" crap="2" count="0"/>
      <line num="220" type="stmt" count="0"/>
      <metrics loc="222" ncloc="90" classes="1" methods="21" coveredmethods="2" conditionals="0" coveredconditionals="0" statements="21" coveredstatements="2" elements="42" coveredelements="4"/>
    </file>
    <file name="/twilio/src/Twilio/Values.php">
      <class name="Twilio\Values" namespace="global">
        <metrics complexity="13" methods="7" coveredmethods="4" conditionals="0" coveredconditionals="0" statements="16" coveredstatements="13" elements="23" coveredelements="17"/>
      </class>
      <line num="13" type="method" name="array_get" visibility="public" complexity="2" crap="2" count="2"/>
      <line num="14" type="stmt" count="2"/>
      <line num="15" type="stmt" count="1"/>
      <line num="17" type="stmt" count="1"/>
      <line num="20" type="method" name="of" visibility="public" complexity="4" crap="4" count="2"/>
      <line num="21" type="stmt" count="2"/>
      <line num="22" type="stmt" count="2"/>
      <line num="23" type="stmt" count="2"/>
      <line num="24" type="stmt" count="2"/>
      <line num="27" type="stmt" count="2"/>
      <line num="30" type="method" name="__construct" visibility="public" complexity="2" crap="2" count="5"/>
      <line num="31" type="stmt" count="5"/>
      <line num="32" type="stmt" count="5"/>
      <line num="33" type="stmt" count="5"/>
      <line num="49" type="method" name="offsetExists" visibility="public" complexity="1" crap="2" count="0"/>
      <line num="50" type="stmt" count="0"/>
      <line num="63" type="method" name="offsetGet" visibility="public" complexity="2" crap="2" count="5"/>
      <line num="64" type="stmt" count="5"/>
      <line num="65" type="stmt" count="5"/>
      <line num="80" type="method" name="offsetSet" visibility="public" complexity="1" crap="2" count="0"/>
      <line num="81" type="stmt" count="0"/>
      <line num="93" type="method" name="offsetUnset" visibility="public" complexity="1" crap="2" count="0"/>
      <line num="94" type="stmt" count="0"/>
      <metrics loc="97" ncloc="54" classes="1" methods="7" coveredmethods="4" conditionals="0" coveredconditionals="0" statements="16" coveredstatements="13" elements="23" coveredelements="17"/>
    </file>
    <file name="/twilio/src/Twilio/Version.php">
      <class name="Twilio\Version" namespace="global">
        <metrics complexity="29" methods="14" coveredmethods="5" conditionals="0" coveredconditionals="0" statements="40" coveredstatements="10" elements="54" coveredelements="15"/>
      </class>
      <line num="28" type="method" name="__construct" visibility="public" complexity="1" crap="1" count="104"/>
      <line num="29" type="stmt" count="104"/>
      <line num="30" type="stmt" count="104"/>
      <line num="38" type="method" name="absoluteUrl" visibility="public" complexity="1" crap="1" count="48"/>
      <line num="39" type="stmt" count="48"/>
      <line num="47" type="method" name="relativeUri" visibility="public" complexity="1" crap="1" count="96"/>
      <line num="48" type="stmt" count="96"/>
      <line num="51" type="method" name="request" visibility="public" complexity="1" crap="2" count="0"/>
      <line num="55" type="stmt" count="0"/>
      <line num="56" type="stmt" count="0"/>
      <line num="79" type="method" name="exception" visibility="protected" complexity="4" crap="20" count="0"/>
      <line num="80" type="stmt" count="0"/>
      <line num="82" type="stmt" count="0"/>
      <line num="83" type="stmt" count="0"/>
      <line num="84" type="stmt" count="0"/>
      <line num="85" type="stmt" count="0"/>
      <line num="86" type="stmt" count="0"/>
      <line num="87" type="stmt" count="0"/>
      <line num="88" type="stmt" count="0"/>
      <line num="91" type="stmt" count="0"/>
      <line num="97" type="method" name="fetch" visibility="public" complexity="3" crap="12" count="0"/>
      <line num="101" type="stmt" count="0"/>
      <line num="113" type="stmt" count="0"/>
      <line num="114" type="stmt" count="0"/>
      <line num="117" type="stmt" count="0"/>
      <line num="123" type="method" name="update" visibility="public" complexity="3" crap="12" count="0"/>
      <line num="127" type="stmt" count="0"/>
      <line num="138" type="stmt" count="0"/>
      <line num="139" type="stmt" count="0"/>
      <line num="142" type="stmt" count="0"/>
      <line num="148" type="method" name="delete" visibility="public" complexity="3" crap="12" count="0"/>
      <line num="152" type="stmt" count="0"/>
      <line num="163" type="stmt" count="0"/>
      <line num="164" type="stmt" count="0"/>
      <line num="167" type="stmt" count="0"/>
      <line num="170" type="method" name="readLimits" visibility="public" complexity="5" crap="5" count="7"/>
      <line num="171" type="stmt" count="7"/>
      <line num="172" type="stmt" count="3"/>
      <line num="175" type="stmt" count="7"/>
      <line num="178" type="stmt" count="7"/>
      <line num="179" type="stmt" count="7"/>
      <line num="184" type="method" name="page" visibility="public" complexity="1" crap="2" count="0"/>
      <line num="188" type="stmt" count="0"/>
      <line num="200" type="method" name="stream" visibility="public" complexity="1" crap="2" count="0"/>
      <line num="201" type="stmt" count="0"/>
      <line num="207" type="method" name="create" visibility="public" complexity="3" crap="12" count="0"/>
      <line num="211" type="stmt" count="0"/>
      <line num="222" type="stmt" count="0"/>
      <line num="223" type="stmt" count="0"/>
      <line num="226" type="stmt" count="0"/>
      <line num="229" type="method" name="getDomain" visibility="public" complexity="1" crap="1" count="48"/>
      <line num="230" type="stmt" count="48"/>
      <line num="233" type="method" name="__toString" visibility="public" complexity="1" crap="2" count="0"/>
      <line num="234" type="stmt" count="0"/>
      <metrics loc="237" ncloc="191" classes="1" methods="14" coveredmethods="5" conditionals="0" coveredconditionals="0" statements="40" coveredstatements="10" elements="54" coveredelements="15"/>
    </file>
    <file name="/twilio/src/Twilio/VersionInfo.php">
      <class name="Twilio\VersionInfo" namespace="global">
        <metrics complexity="1" methods="1" coveredmethods="0" conditionals="0" coveredconditionals="0" statements="1" coveredstatements="0" elements="2" coveredelements="0"/>
      </class>
      <line num="12" type="method" name="string" visibility="public" complexity="1" crap="2" count="0"/>
      <line num="13" type="stmt" count="0"/>
      <metrics loc="16" ncloc="16" classes="1" methods="1" coveredmethods="0" conditionals="0" coveredconditionals="0" statements="1" coveredstatements="0" elements="2" coveredelements="0"/>
    </file>
    <file name="/twilio/src/Twilio/autoload.php">
      <class name="SplClassLoader" namespace="global">
        <metrics complexity="14" methods="10" coveredmethods="0" conditionals="0" coveredconditionals="0" statements="19" coveredstatements="0" elements="29" coveredelements="0"/>
      </class>
      <line num="51" type="method" name="__construct" visibility="public" complexity="1" crap="2" count="0"/>
      <line num="52" type="stmt" count="0"/>
      <line num="53" type="stmt" count="0"/>
      <line num="61" type="method" name="setNamespaceSeparator" visibility="public" complexity="1" crap="2" count="0"/>
      <line num="62" type="stmt" count="0"/>
      <line num="70" type="method" name="getNamespaceSeparator" visibility="public" complexity="1" crap="2" count="0"/>
      <line num="71" type="stmt" count="0"/>
      <line num="79" type="method" name="setIncludePath" visibility="public" complexity="1" crap="2" count="0"/>
      <line num="80" type="stmt" count="0"/>
      <line num="88" type="method" name="getIncludePath" visibility="public" complexity="1" crap="2" count="0"/>
      <line num="89" type="stmt" count="0"/>
      <line num="97" type="method" name="setFileExtension" visibility="public" complexity="1" crap="2" count="0"/>
      <line num="98" type="stmt" count="0"/>
      <line num="106" type="method" name="getFileExtension" visibility="public" complexity="1" crap="2" count="0"/>
      <line num="107" type="stmt" count="0"/>
      <line num="113" type="method" name="register" visibility="public" complexity="1" crap="2" count="0"/>
      <line num="114" type="stmt" count="0"/>
      <line num="120" type="method" name="unregister" visibility="public" complexity="1" crap="2" count="0"/>
      <line num="121" type="stmt" count="0"/>
      <line num="130" type="method" name="loadClass" visibility="public" complexity="5" crap="30" count="0"/>
      <line num="131" type="stmt" count="0"/>
      <line num="132" type="stmt" count="0"/>
      <line num="133" type="stmt" count="0"/>
      <line num="134" type="stmt" count="0"/>
      <line num="135" type="stmt" count="0"/>
      <line num="136" type="stmt" count="0"/>
      <line num="137" type="stmt" count="0"/>
      <line num="139" type="stmt" count="0"/>
      <line num="140" type="stmt" count="0"/>
      <line num="145" type="stmt" count="0"/>
      <line num="146" type="stmt" count="0"/>
      <metrics loc="147" ncloc="63" classes="1" methods="10" coveredmethods="0" conditionals="0" coveredconditionals="0" statements="21" coveredstatements="0" elements="31" coveredelements="0"/>
    </file>
    <metrics files="137" loc="13812" ncloc="7308" classes="127" methods="1057" coveredmethods="122" conditionals="0" coveredconditionals="0" statements="2102" coveredstatements="575" elements="3159" coveredelements="697"/>
  </project>
</coverage>
